[0.061s] Invoking command in '/home/carrot/Vision_Arena_2025/build/player_pkg': CMAKE_PREFIX_PATH=${CMAKE_PREFIX_PATH}:/opt/ros/humble /usr/bin/cmake --build /home/carrot/Vision_Arena_2025/build/player_pkg -- -j2 -l2
[0.569s] [ 50%] [32mBuilding CXX object CMakeFiles/TestNode.dir/src/test.cpp.o[0m
[20.623s] [100%] [32m[1mLinking CXX executable TestNode[0m
[21.027s] /usr/bin/ld: warning: libopencv_imgproc.so.4.5d, needed by /opt/ros/humble/lib/libcv_bridge.so, may conflict with libopencv_imgproc.so.413
[21.031s] /usr/bin/ld: warning: libopencv_core.so.4.5d, needed by /opt/ros/humble/lib/libcv_bridge.so, may conflict with libopencv_core.so.413
[22.560s] [100%] Built target TestNode
[22.586s] Invoked command in '/home/carrot/Vision_Arena_2025/build/player_pkg' returned '0': CMAKE_PREFIX_PATH=${CMAKE_PREFIX_PATH}:/opt/ros/humble /usr/bin/cmake --build /home/carrot/Vision_Arena_2025/build/player_pkg -- -j2 -l2
[22.600s] Invoking command in '/home/carrot/Vision_Arena_2025/build/player_pkg': CMAKE_PREFIX_PATH=${CMAKE_PREFIX_PATH}:/opt/ros/humble /usr/bin/cmake --install /home/carrot/Vision_Arena_2025/build/player_pkg
[22.615s] -- Install configuration: ""
[22.617s] -- Installing: /home/carrot/Vision_Arena_2025/install/player_pkg/lib/player_pkg/TestNode
[22.623s] -- Set runtime path of "/home/carrot/Vision_Arena_2025/install/player_pkg/lib/player_pkg/TestNode" to ""
[22.624s] -- Up-to-date: /home/carrot/Vision_Arena_2025/install/player_pkg/share/ament_index/resource_index/package_run_dependencies/player_pkg
[22.624s] -- Up-to-date: /home/carrot/Vision_Arena_2025/install/player_pkg/share/ament_index/resource_index/parent_prefix_path/player_pkg
[22.626s] -- Up-to-date: /home/carrot/Vision_Arena_2025/install/player_pkg/share/player_pkg/environment/ament_prefix_path.sh
[22.627s] -- Up-to-date: /home/carrot/Vision_Arena_2025/install/player_pkg/share/player_pkg/environment/ament_prefix_path.dsv
[22.627s] -- Up-to-date: /home/carrot/Vision_Arena_2025/install/player_pkg/share/player_pkg/environment/path.sh
[22.627s] -- Up-to-date: /home/carrot/Vision_Arena_2025/install/player_pkg/share/player_pkg/environment/path.dsv
[22.627s] -- Up-to-date: /home/carrot/Vision_Arena_2025/install/player_pkg/share/player_pkg/local_setup.bash
[22.627s] -- Up-to-date: /home/carrot/Vision_Arena_2025/install/player_pkg/share/player_pkg/local_setup.sh
[22.627s] -- Up-to-date: /home/carrot/Vision_Arena_2025/install/player_pkg/share/player_pkg/local_setup.zsh
[22.627s] -- Up-to-date: /home/carrot/Vision_Arena_2025/install/player_pkg/share/player_pkg/local_setup.dsv
[22.627s] -- Installing: /home/carrot/Vision_Arena_2025/install/player_pkg/share/player_pkg/package.dsv
[22.629s] -- Up-to-date: /home/carrot/Vision_Arena_2025/install/player_pkg/share/ament_index/resource_index/packages/player_pkg
[22.630s] -- Up-to-date: /home/carrot/Vision_Arena_2025/install/player_pkg/share/player_pkg/cmake/player_pkgConfig.cmake
[22.630s] -- Up-to-date: /home/carrot/Vision_Arena_2025/install/player_pkg/share/player_pkg/cmake/player_pkgConfig-version.cmake
[22.630s] -- Up-to-date: /home/carrot/Vision_Arena_2025/install/player_pkg/share/player_pkg/package.xml
[22.632s] Invoked command in '/home/carrot/Vision_Arena_2025/build/player_pkg' returned '0': CMAKE_PREFIX_PATH=${CMAKE_PREFIX_PATH}:/opt/ros/humble /usr/bin/cmake --install /home/carrot/Vision_Arena_2025/build/player_pkg
