[0.012s] Invoking command in '/home/carrot/Vision_Arena_2025/build/player_pkg': CMAKE_PREFIX_PATH=/opt/ros/humble /usr/bin/cmake /home/carrot/Vision_Arena_2025/src/player_pkg -DCMAKE_INSTALL_PREFIX=/home/carrot/Vision_Arena_2025/install/player_pkg
[0.022s] -- Found ament_cmake: 1.3.12 (/opt/ros/humble/share/ament_cmake/cmake)
[0.116s] -- Found rclcpp: 16.0.15 (/opt/ros/humble/share/rclcpp/cmake)
[0.135s] -- Found rosidl_generator_c: 3.1.7 (/opt/ros/humble/share/rosidl_generator_c/cmake)
[0.137s] -- Found rosidl_adapter: 3.1.7 (/opt/ros/humble/share/rosidl_adapter/cmake)
[0.140s] -- Found rosidl_generator_cpp: 3.1.7 (/opt/ros/humble/share/rosidl_generator_cpp/cmake)
[0.147s] -- Using all available rosidl_typesupport_c: rosidl_typesupport_fastrtps_c;rosidl_typesupport_introspection_c
[0.157s] -- Using all available rosidl_typesupport_cpp: rosidl_typesupport_fastrtps_cpp;rosidl_typesupport_introspection_cpp
[0.178s] -- Found rmw_implementation_cmake: 6.1.2 (/opt/ros/humble/share/rmw_implementation_cmake/cmake)
[0.179s] -- Found rmw_fastrtps_cpp: 6.2.9 (/opt/ros/humble/share/rmw_fastrtps_cpp/cmake)
[0.252s] -- Using RMW implementation 'rmw_fastrtps_cpp' as default
[0.280s] -- Found gazebo_msgs: 3.9.0 (/opt/ros/humble/share/gazebo_msgs/cmake)
[0.317s] [31mCMake Error at CMakeLists.txt:14 (find_package):
[0.317s]   By not providing "Findpose_msg.cmake" in CMAKE_MODULE_PATH this project has
[0.317s]   asked CMake to find a package configuration file provided by "pose_msg",
[0.317s]   but CMake did not find one.
[0.317s] 
[0.317s]   Could not find a package configuration file provided by "pose_msg" with any
[0.317s]   of the following names:
[0.317s] 
[0.317s]     pose_msgConfig.cmake
[0.317s]     pose_msg-config.cmake
[0.317s] 
[0.318s]   Add the installation prefix of "pose_msg" to CMAKE_PREFIX_PATH or set
[0.318s]   "pose_msg_DIR" to a directory containing one of the above files.  If
[0.318s]   "pose_msg" provides a separate development package or SDK, be sure it has
[0.318s]   been installed.
[0.318s] 
[0.318s] [0m
[0.318s] -- Configuring incomplete, errors occurred!
[0.318s] See also "/home/carrot/Vision_Arena_2025/build/player_pkg/CMakeFiles/CMakeOutput.log".
[0.323s] Invoked command in '/home/carrot/Vision_Arena_2025/build/player_pkg' returned '1': CMAKE_PREFIX_PATH=/opt/ros/humble /usr/bin/cmake /home/carrot/Vision_Arena_2025/src/player_pkg -DCMAKE_INSTALL_PREFIX=/home/carrot/Vision_Arena_2025/install/player_pkg
