[0.017s] Invoking command in '/home/carrot/robomaster/build/player_pkg': CMAKE_PREFIX_PATH=/opt/ros/humble /usr/bin/cmake /home/carrot/robomaster -DCMAKE_INSTALL_PREFIX=/home/carrot/robomaster/install/player_pkg
[0.193s] -- The C compiler identification is GNU 11.4.0
[0.347s] -- The CXX compiler identification is GNU 11.4.0
[0.384s] -- Detecting C compiler ABI info
[0.482s] -- Detecting C compiler ABI info - done
[0.486s] -- Check for working C compiler: /usr/bin/cc - skipped
[0.488s] -- Detecting C compile features
[0.489s] -- Detecting C compile features - done
[0.493s] -- Detecting CXX compiler ABI info
[0.619s] -- Detecting CXX compiler ABI info - done
[0.625s] -- Check for working CXX compiler: /usr/bin/c++ - skipped
[0.625s] -- Detecting CXX compile features
[0.625s] -- Detecting CXX compile features - done
[0.646s] -- Found ament_cmake: 1.3.12 (/opt/ros/humble/share/ament_cmake/cmake)
[0.890s] -- Found Python3: /usr/bin/python3 (found version "3.10.12") found components: Interpreter 
[1.154s] -- Found rclcpp: 16.0.15 (/opt/ros/humble/share/rclcpp/cmake)
[1.244s] -- Found rosidl_generator_c: 3.1.7 (/opt/ros/humble/share/rosidl_generator_c/cmake)
[1.252s] -- Found rosidl_adapter: 3.1.7 (/opt/ros/humble/share/rosidl_adapter/cmake)
[1.270s] -- Found rosidl_generator_cpp: 3.1.7 (/opt/ros/humble/share/rosidl_generator_cpp/cmake)
[1.298s] -- Using all available rosidl_typesupport_c: rosidl_typesupport_fastrtps_c;rosidl_typesupport_introspection_c
[1.319s] -- Using all available rosidl_typesupport_cpp: rosidl_typesupport_fastrtps_cpp;rosidl_typesupport_introspection_cpp
[1.392s] -- Found rmw_implementation_cmake: 6.1.2 (/opt/ros/humble/share/rmw_implementation_cmake/cmake)
[1.397s] -- Found rmw_fastrtps_cpp: 6.2.9 (/opt/ros/humble/share/rmw_fastrtps_cpp/cmake)
[1.566s] -- Found OpenSSL: /usr/lib/x86_64-linux-gnu/libcrypto.so (found version "3.0.2")  
[1.592s] -- Found FastRTPS: /opt/ros/humble/include  
[1.630s] -- Using RMW implementation 'rmw_fastrtps_cpp' as default
[1.646s] -- Looking for pthread.h
[1.740s] -- Looking for pthread.h - found
[1.740s] -- Performing Test CMAKE_HAVE_LIBC_PTHREAD
[1.826s] -- Performing Test CMAKE_HAVE_LIBC_PTHREAD - Success
[1.826s] -- Found Threads: TRUE  
[1.920s] -- Found gazebo_msgs: 3.9.0 (/opt/ros/humble/share/gazebo_msgs/cmake)
[1.997s] -- Found OpenCV: /usr/local (found version "4.13.0") 
[2.004s] [31mCMake Error at CMakeLists.txt:14 (find_package):
[2.005s]   By not providing "Findpose_msg.cmake" in CMAKE_MODULE_PATH this project has
[2.005s]   asked CMake to find a package configuration file provided by "pose_msg",
[2.005s]   but CMake did not find one.
[2.005s] 
[2.005s]   Could not find a package configuration file provided by "pose_msg" with any
[2.005s]   of the following names:
[2.005s] 
[2.005s]     pose_msgConfig.cmake
[2.005s]     pose_msg-config.cmake
[2.005s] 
[2.005s]   Add the installation prefix of "pose_msg" to CMAKE_PREFIX_PATH or set
[2.005s]   "pose_msg_DIR" to a directory containing one of the above files.  If
[2.007s]   "pose_msg" provides a separate development package or SDK, be sure it has
[2.007s]   been installed.
[2.007s] 
[2.007s] [0m
[2.007s] -- Configuring incomplete, errors occurred!
[2.007s] See also "/home/carrot/robomaster/build/player_pkg/CMakeFiles/CMakeOutput.log".
[2.013s] Invoked command in '/home/carrot/robomaster/build/player_pkg' returned '1': CMAKE_PREFIX_PATH=/opt/ros/humble /usr/bin/cmake /home/carrot/robomaster -DCMAKE_INSTALL_PREFIX=/home/carrot/robomaster/install/player_pkg
