[0.009s] Invoking command in '/home/carrot/robomaster/Vision/build/player_pkg': CMAKE_PREFIX_PATH=/opt/ros/humble /usr/bin/cmake /home/carrot/robomaster/Vision/src/player_pkg -DCMAKE_INSTALL_PREFIX=/home/carrot/robomaster/Vision/install/player_pkg
[0.034s] -- Found ament_cmake: 1.3.12 (/opt/ros/humble/share/ament_cmake/cmake)
[0.121s] -- Found rclcpp: 16.0.15 (/opt/ros/humble/share/rclcpp/cmake)
[0.147s] -- Found rosidl_generator_c: 3.1.7 (/opt/ros/humble/share/rosidl_generator_c/cmake)
[0.149s] -- Found rosidl_adapter: 3.1.7 (/opt/ros/humble/share/rosidl_adapter/cmake)
[0.152s] -- Found rosidl_generator_cpp: 3.1.7 (/opt/ros/humble/share/rosidl_generator_cpp/cmake)
[0.159s] -- Using all available rosidl_typesupport_c: rosidl_typesupport_fastrtps_c;rosidl_typesupport_introspection_c
[0.167s] -- Using all available rosidl_typesupport_cpp: rosidl_typesupport_fastrtps_cpp;rosidl_typesupport_introspection_cpp
[0.186s] -- Found rmw_implementation_cmake: 6.1.2 (/opt/ros/humble/share/rmw_implementation_cmake/cmake)
[0.187s] -- Found rmw_fastrtps_cpp: 6.2.9 (/opt/ros/humble/share/rmw_fastrtps_cpp/cmake)
[0.267s] -- Using RMW implementation 'rmw_fastrtps_cpp' as default
[0.294s] -- Found gazebo_msgs: 3.9.0 (/opt/ros/humble/share/gazebo_msgs/cmake)
[0.339s] [31mCMake Error at CMakeLists.txt:14 (find_package):
[0.339s]   By not providing "Findpose_msg.cmake" in CMAKE_MODULE_PATH this project has
[0.339s]   asked CMake to find a package configuration file provided by "pose_msg",
[0.339s]   but CMake did not find one.
[0.339s] 
[0.339s]   Could not find a package configuration file provided by "pose_msg" with any
[0.339s]   of the following names:
[0.339s] 
[0.339s]     pose_msgConfig.cmake
[0.339s]     pose_msg-config.cmake
[0.339s] 
[0.341s]   Add the installation prefix of "pose_msg" to CMAKE_PREFIX_PATH or set
[0.341s]   "pose_msg_DIR" to a directory containing one of the above files.  If
[0.341s]   "pose_msg" provides a separate development package or SDK, be sure it has
[0.341s]   been installed.
[0.341s] 
[0.342s] [0m
[0.342s] -- Configuring incomplete, errors occurred!
[0.342s] See also "/home/carrot/robomaster/Vision/build/player_pkg/CMakeFiles/CMakeOutput.log".
[0.345s] Invoked command in '/home/carrot/robomaster/Vision/build/player_pkg' returned '1': CMAKE_PREFIX_PATH=/opt/ros/humble /usr/bin/cmake /home/carrot/robomaster/Vision/src/player_pkg -DCMAKE_INSTALL_PREFIX=/home/carrot/robomaster/Vision/install/player_pkg
