[0.015s] Invoking command in '/home/carrot/robomaster/Vision/build/player_pkg': CMAKE_PREFIX_PATH=${CMAKE_PREFIX_PATH}:/opt/ros/humble /usr/bin/cmake /home/carrot/robomaster/Vision/src/player_pkg -DCMAKE_INSTALL_PREFIX=/home/carrot/robomaster/Vision/install/player_pkg
[0.131s] -- The C compiler identification is GNU 11.4.0
[0.250s] -- The CXX compiler identification is GNU 11.4.0
[0.264s] -- Detecting C compiler ABI info
[0.423s] -- Detecting C compiler ABI info - done
[0.436s] -- Check for working C compiler: /usr/bin/cc - skipped
[0.436s] -- Detecting C compile features
[0.437s] -- Detecting C compile features - done
[0.444s] -- Detecting CXX compiler ABI info
[0.750s] -- Detecting CXX compiler ABI info - done
[0.752s] -- Check for working CXX compiler: /usr/bin/c++ - skipped
[0.752s] -- Detecting CXX compile features
[0.752s] -- Detecting CXX compile features - done
[0.760s] -- Found ament_cmake: 1.3.12 (/opt/ros/humble/share/ament_cmake/cmake)
[0.953s] -- Found Python3: /usr/bin/python3 (found version "3.10.12") found components: Interpreter 
[1.070s] -- Found rclcpp: 16.0.15 (/opt/ros/humble/share/rclcpp/cmake)
[1.132s] -- Found rosidl_generator_c: 3.1.7 (/opt/ros/humble/share/rosidl_generator_c/cmake)
[1.137s] -- Found rosidl_adapter: 3.1.7 (/opt/ros/humble/share/rosidl_adapter/cmake)
[1.147s] -- Found rosidl_generator_cpp: 3.1.7 (/opt/ros/humble/share/rosidl_generator_cpp/cmake)
[1.169s] -- Using all available rosidl_typesupport_c: rosidl_typesupport_fastrtps_c;rosidl_typesupport_introspection_c
[1.181s] -- Using all available rosidl_typesupport_cpp: rosidl_typesupport_fastrtps_cpp;rosidl_typesupport_introspection_cpp
[1.216s] -- Found rmw_implementation_cmake: 6.1.2 (/opt/ros/humble/share/rmw_implementation_cmake/cmake)
[1.219s] -- Found rmw_fastrtps_cpp: 6.2.9 (/opt/ros/humble/share/rmw_fastrtps_cpp/cmake)
[1.358s] -- Found OpenSSL: /usr/lib/x86_64-linux-gnu/libcrypto.so (found version "3.0.2")  
[1.392s] -- Found FastRTPS: /opt/ros/humble/include  
[1.463s] -- Using RMW implementation 'rmw_fastrtps_cpp' as default
[1.478s] -- Looking for pthread.h
[1.724s] -- Looking for pthread.h - found
[1.732s] -- Performing Test CMAKE_HAVE_LIBC_PTHREAD
[2.115s] -- Performing Test CMAKE_HAVE_LIBC_PTHREAD - Success
[2.118s] -- Found Threads: TRUE  
[2.260s] -- Found gazebo_msgs: 3.9.0 (/opt/ros/humble/share/gazebo_msgs/cmake)
[2.453s] -- Found OpenCV: /usr/local (found version "4.13.0") 
[2.484s] [31mCMake Error at CMakeLists.txt:14 (find_package):
[2.484s]   By not providing "Findpose_msg.cmake" in CMAKE_MODULE_PATH this project has
[2.484s]   asked CMake to find a package configuration file provided by "pose_msg",
[2.484s]   but CMake did not find one.
[2.484s] 
[2.484s]   Could not find a package configuration file provided by "pose_msg" with any
[2.484s]   of the following names:
[2.484s] 
[2.484s]     pose_msgConfig.cmake
[2.484s]     pose_msg-config.cmake
[2.484s] 
[2.488s]   Add the installation prefix of "pose_msg" to CMAKE_PREFIX_PATH or set
[2.489s]   "pose_msg_DIR" to a directory containing one of the above files.  If
[2.489s]   "pose_msg" provides a separate development package or SDK, be sure it has
[2.489s]   been installed.
[2.489s] 
[2.489s] [0m
[2.489s] -- Configuring incomplete, errors occurred!
[2.489s] See also "/home/carrot/robomaster/Vision/build/player_pkg/CMakeFiles/CMakeOutput.log".
[2.508s] Invoked command in '/home/carrot/robomaster/Vision/build/player_pkg' returned '1': CMAKE_PREFIX_PATH=${CMAKE_PREFIX_PATH}:/opt/ros/humble /usr/bin/cmake /home/carrot/robomaster/Vision/src/player_pkg -DCMAKE_INSTALL_PREFIX=/home/carrot/robomaster/Vision/install/player_pkg
