[0.099s] DEBUG:colcon:Command line arguments: ['/usr/bin/colcon', 'build']
[0.099s] DEBUG:colcon:Parsed command line arguments: Namespace(log_base=None, log_level=None, verb_name='build', build_base='build', install_base='install', merge_install=False, symlink_install=False, test_result_base=None, continue_on_error=False, executor='parallel', parallel_workers=2, event_handlers=None, ignore_user_meta=False, metas=['./colcon.meta'], base_paths=['.'], packages_ignore=None, packages_ignore_regex=None, paths=None, packages_up_to=None, packages_up_to_regex=None, packages_above=None, packages_above_and_dependencies=None, packages_above_depth=None, packages_select_by_dep=None, packages_skip_by_dep=None, packages_skip_up_to=None, packages_select_build_failed=False, packages_skip_build_finished=False, packages_select_test_failures=False, packages_skip_test_passed=False, packages_select=None, packages_skip=None, packages_select_regex=None, packages_skip_regex=None, packages_start=None, packages_end=None, allow_overriding=[], cmake_args=None, cmake_target=None, cmake_target_skip_unavailable=False, cmake_clean_cache=False, cmake_clean_first=False, cmake_force_configure=False, ament_cmake_args=None, catkin_cmake_args=None, catkin_skip_building_tests=False, verb_parser=<colcon_defaults.argument_parser.defaults.DefaultArgumentsDecorator object at 0x711bf6b2b2b0>, verb_extension=<colcon_core.verb.build.BuildVerb object at 0x711bf6b2ace0>, main=<bound method BuildVerb.main of <colcon_core.verb.build.BuildVerb object at 0x711bf6b2ace0>>)
[0.318s] Level 1:colcon.colcon_core.package_discovery:discover_packages(colcon_meta) check parameters
[0.318s] Level 1:colcon.colcon_core.package_discovery:discover_packages(recursive) check parameters
[0.318s] Level 1:colcon.colcon_core.package_discovery:discover_packages(ignore) check parameters
[0.318s] Level 1:colcon.colcon_core.package_discovery:discover_packages(path) check parameters
[0.318s] Level 1:colcon.colcon_core.package_discovery:discover_packages(colcon_meta) discover
[0.319s] Level 1:colcon.colcon_core.package_discovery:discover_packages(recursive) discover
[0.319s] INFO:colcon.colcon_core.package_discovery:Crawling recursively for packages in '/home/carrot/Vision_Arena_2025'
[0.319s] Level 1:colcon.colcon_core.package_identification:_identify(.) by extensions ['ignore', 'ignore_ament_install']
[0.319s] Level 1:colcon.colcon_core.package_identification:_identify(.) by extension 'ignore'
[0.319s] Level 1:colcon.colcon_core.package_identification:_identify(.) by extension 'ignore_ament_install'
[0.319s] Level 1:colcon.colcon_core.package_identification:_identify(.) by extensions ['colcon_pkg']
[0.319s] Level 1:colcon.colcon_core.package_identification:_identify(.) by extension 'colcon_pkg'
[0.319s] Level 1:colcon.colcon_core.package_identification:_identify(.) by extensions ['colcon_meta']
[0.319s] Level 1:colcon.colcon_core.package_identification:_identify(.) by extension 'colcon_meta'
[0.319s] Level 1:colcon.colcon_core.package_identification:_identify(.) by extensions ['ros']
[0.319s] Level 1:colcon.colcon_core.package_identification:_identify(.) by extension 'ros'
[0.327s] Level 1:colcon.colcon_core.package_identification:_identify(.) by extensions ['cmake', 'python']
[0.327s] Level 1:colcon.colcon_core.package_identification:_identify(.) by extension 'cmake'
[0.327s] Level 1:colcon.colcon_core.package_identification:_identify(.) by extension 'python'
[0.327s] Level 1:colcon.colcon_core.package_identification:_identify(.) by extensions ['python_setup_py']
[0.327s] Level 1:colcon.colcon_core.package_identification:_identify(.) by extension 'python_setup_py'
[0.328s] Level 1:colcon.colcon_core.package_identification:_identify(build) by extensions ['ignore', 'ignore_ament_install']
[0.328s] Level 1:colcon.colcon_core.package_identification:_identify(build) by extension 'ignore'
[0.328s] Level 1:colcon.colcon_core.package_identification:_identify(build) ignored
[0.328s] Level 1:colcon.colcon_core.package_identification:_identify(doc) by extensions ['ignore', 'ignore_ament_install']
[0.328s] Level 1:colcon.colcon_core.package_identification:_identify(doc) by extension 'ignore'
[0.328s] Level 1:colcon.colcon_core.package_identification:_identify(doc) by extension 'ignore_ament_install'
[0.328s] Level 1:colcon.colcon_core.package_identification:_identify(doc) by extensions ['colcon_pkg']
[0.328s] Level 1:colcon.colcon_core.package_identification:_identify(doc) by extension 'colcon_pkg'
[0.328s] Level 1:colcon.colcon_core.package_identification:_identify(doc) by extensions ['colcon_meta']
[0.328s] Level 1:colcon.colcon_core.package_identification:_identify(doc) by extension 'colcon_meta'
[0.328s] Level 1:colcon.colcon_core.package_identification:_identify(doc) by extensions ['ros']
[0.328s] Level 1:colcon.colcon_core.package_identification:_identify(doc) by extension 'ros'
[0.328s] Level 1:colcon.colcon_core.package_identification:_identify(doc) by extensions ['cmake', 'python']
[0.328s] Level 1:colcon.colcon_core.package_identification:_identify(doc) by extension 'cmake'
[0.328s] Level 1:colcon.colcon_core.package_identification:_identify(doc) by extension 'python'
[0.328s] Level 1:colcon.colcon_core.package_identification:_identify(doc) by extensions ['python_setup_py']
[0.328s] Level 1:colcon.colcon_core.package_identification:_identify(doc) by extension 'python_setup_py'
[0.328s] Level 1:colcon.colcon_core.package_identification:_identify(install) by extensions ['ignore', 'ignore_ament_install']
[0.328s] Level 1:colcon.colcon_core.package_identification:_identify(install) by extension 'ignore'
[0.328s] Level 1:colcon.colcon_core.package_identification:_identify(install) ignored
[0.328s] Level 1:colcon.colcon_core.package_identification:_identify(log) by extensions ['ignore', 'ignore_ament_install']
[0.328s] Level 1:colcon.colcon_core.package_identification:_identify(log) by extension 'ignore'
[0.328s] Level 1:colcon.colcon_core.package_identification:_identify(log) ignored
[0.328s] Level 1:colcon.colcon_core.package_identification:_identify(resource) by extensions ['ignore', 'ignore_ament_install']
[0.328s] Level 1:colcon.colcon_core.package_identification:_identify(resource) by extension 'ignore'
[0.328s] Level 1:colcon.colcon_core.package_identification:_identify(resource) by extension 'ignore_ament_install'
[0.328s] Level 1:colcon.colcon_core.package_identification:_identify(resource) by extensions ['colcon_pkg']
[0.328s] Level 1:colcon.colcon_core.package_identification:_identify(resource) by extension 'colcon_pkg'
[0.328s] Level 1:colcon.colcon_core.package_identification:_identify(resource) by extensions ['colcon_meta']
[0.328s] Level 1:colcon.colcon_core.package_identification:_identify(resource) by extension 'colcon_meta'
[0.329s] Level 1:colcon.colcon_core.package_identification:_identify(resource) by extensions ['ros']
[0.329s] Level 1:colcon.colcon_core.package_identification:_identify(resource) by extension 'ros'
[0.329s] Level 1:colcon.colcon_core.package_identification:_identify(resource) by extensions ['cmake', 'python']
[0.329s] Level 1:colcon.colcon_core.package_identification:_identify(resource) by extension 'cmake'
[0.329s] Level 1:colcon.colcon_core.package_identification:_identify(resource) by extension 'python'
[0.329s] Level 1:colcon.colcon_core.package_identification:_identify(resource) by extensions ['python_setup_py']
[0.329s] Level 1:colcon.colcon_core.package_identification:_identify(resource) by extension 'python_setup_py'
[0.329s] Level 1:colcon.colcon_core.package_identification:_identify(results) by extensions ['ignore', 'ignore_ament_install']
[0.329s] Level 1:colcon.colcon_core.package_identification:_identify(results) by extension 'ignore'
[0.329s] Level 1:colcon.colcon_core.package_identification:_identify(results) by extension 'ignore_ament_install'
[0.329s] Level 1:colcon.colcon_core.package_identification:_identify(results) by extensions ['colcon_pkg']
[0.329s] Level 1:colcon.colcon_core.package_identification:_identify(results) by extension 'colcon_pkg'
[0.329s] Level 1:colcon.colcon_core.package_identification:_identify(results) by extensions ['colcon_meta']
[0.329s] Level 1:colcon.colcon_core.package_identification:_identify(results) by extension 'colcon_meta'
[0.329s] Level 1:colcon.colcon_core.package_identification:_identify(results) by extensions ['ros']
[0.329s] Level 1:colcon.colcon_core.package_identification:_identify(results) by extension 'ros'
[0.329s] Level 1:colcon.colcon_core.package_identification:_identify(results) by extensions ['cmake', 'python']
[0.329s] Level 1:colcon.colcon_core.package_identification:_identify(results) by extension 'cmake'
[0.329s] Level 1:colcon.colcon_core.package_identification:_identify(results) by extension 'python'
[0.329s] Level 1:colcon.colcon_core.package_identification:_identify(results) by extensions ['python_setup_py']
[0.329s] Level 1:colcon.colcon_core.package_identification:_identify(results) by extension 'python_setup_py'
[0.329s] Level 1:colcon.colcon_core.package_identification:_identify(src) by extensions ['ignore', 'ignore_ament_install']
[0.330s] Level 1:colcon.colcon_core.package_identification:_identify(src) by extension 'ignore'
[0.330s] Level 1:colcon.colcon_core.package_identification:_identify(src) by extension 'ignore_ament_install'
[0.330s] Level 1:colcon.colcon_core.package_identification:_identify(src) by extensions ['colcon_pkg']
[0.330s] Level 1:colcon.colcon_core.package_identification:_identify(src) by extension 'colcon_pkg'
[0.330s] Level 1:colcon.colcon_core.package_identification:_identify(src) by extensions ['colcon_meta']
[0.330s] Level 1:colcon.colcon_core.package_identification:_identify(src) by extension 'colcon_meta'
[0.330s] Level 1:colcon.colcon_core.package_identification:_identify(src) by extensions ['ros']
[0.330s] Level 1:colcon.colcon_core.package_identification:_identify(src) by extension 'ros'
[0.330s] Level 1:colcon.colcon_core.package_identification:_identify(src) by extensions ['cmake', 'python']
[0.330s] Level 1:colcon.colcon_core.package_identification:_identify(src) by extension 'cmake'
[0.330s] Level 1:colcon.colcon_core.package_identification:_identify(src) by extension 'python'
[0.330s] Level 1:colcon.colcon_core.package_identification:_identify(src) by extensions ['python_setup_py']
[0.330s] Level 1:colcon.colcon_core.package_identification:_identify(src) by extension 'python_setup_py'
[0.330s] Level 1:colcon.colcon_core.package_identification:_identify(src/player_pkg) by extensions ['ignore', 'ignore_ament_install']
[0.330s] Level 1:colcon.colcon_core.package_identification:_identify(src/player_pkg) by extension 'ignore'
[0.330s] Level 1:colcon.colcon_core.package_identification:_identify(src/player_pkg) by extension 'ignore_ament_install'
[0.330s] Level 1:colcon.colcon_core.package_identification:_identify(src/player_pkg) by extensions ['colcon_pkg']
[0.330s] Level 1:colcon.colcon_core.package_identification:_identify(src/player_pkg) by extension 'colcon_pkg'
[0.330s] Level 1:colcon.colcon_core.package_identification:_identify(src/player_pkg) by extensions ['colcon_meta']
[0.330s] Level 1:colcon.colcon_core.package_identification:_identify(src/player_pkg) by extension 'colcon_meta'
[0.330s] Level 1:colcon.colcon_core.package_identification:_identify(src/player_pkg) by extensions ['ros']
[0.330s] Level 1:colcon.colcon_core.package_identification:_identify(src/player_pkg) by extension 'ros'
[0.334s] DEBUG:colcon.colcon_core.package_identification:Package 'src/player_pkg' with type 'ros.ament_cmake' and name 'player_pkg'
[0.334s] Level 1:colcon.colcon_core.package_identification:_identify(src/target_model_pkg) by extensions ['ignore', 'ignore_ament_install']
[0.334s] Level 1:colcon.colcon_core.package_identification:_identify(src/target_model_pkg) by extension 'ignore'
[0.334s] Level 1:colcon.colcon_core.package_identification:_identify(src/target_model_pkg) by extension 'ignore_ament_install'
[0.334s] Level 1:colcon.colcon_core.package_identification:_identify(src/target_model_pkg) by extensions ['colcon_pkg']
[0.334s] Level 1:colcon.colcon_core.package_identification:_identify(src/target_model_pkg) by extension 'colcon_pkg'
[0.334s] Level 1:colcon.colcon_core.package_identification:_identify(src/target_model_pkg) by extensions ['colcon_meta']
[0.334s] Level 1:colcon.colcon_core.package_identification:_identify(src/target_model_pkg) by extension 'colcon_meta'
[0.334s] Level 1:colcon.colcon_core.package_identification:_identify(src/target_model_pkg) by extensions ['ros']
[0.334s] Level 1:colcon.colcon_core.package_identification:_identify(src/target_model_pkg) by extension 'ros'
[0.335s] Level 1:colcon.colcon_core.package_identification:_identify(src/target_model_pkg) by extensions ['cmake', 'python']
[0.335s] Level 1:colcon.colcon_core.package_identification:_identify(src/target_model_pkg) by extension 'cmake'
[0.335s] Level 1:colcon.colcon_core.package_identification:_identify(src/target_model_pkg) by extension 'python'
[0.335s] Level 1:colcon.colcon_core.package_identification:_identify(src/target_model_pkg) by extensions ['python_setup_py']
[0.335s] Level 1:colcon.colcon_core.package_identification:_identify(src/target_model_pkg) by extension 'python_setup_py'
[0.335s] Level 1:colcon.colcon_core.package_identification:_identify(src/target_model_pkg/urdf) by extensions ['ignore', 'ignore_ament_install']
[0.335s] Level 1:colcon.colcon_core.package_identification:_identify(src/target_model_pkg/urdf) by extension 'ignore'
[0.335s] Level 1:colcon.colcon_core.package_identification:_identify(src/target_model_pkg/urdf) by extension 'ignore_ament_install'
[0.335s] Level 1:colcon.colcon_core.package_identification:_identify(src/target_model_pkg/urdf) by extensions ['colcon_pkg']
[0.335s] Level 1:colcon.colcon_core.package_identification:_identify(src/target_model_pkg/urdf) by extension 'colcon_pkg'
[0.335s] Level 1:colcon.colcon_core.package_identification:_identify(src/target_model_pkg/urdf) by extensions ['colcon_meta']
[0.335s] Level 1:colcon.colcon_core.package_identification:_identify(src/target_model_pkg/urdf) by extension 'colcon_meta'
[0.335s] Level 1:colcon.colcon_core.package_identification:_identify(src/target_model_pkg/urdf) by extensions ['ros']
[0.335s] Level 1:colcon.colcon_core.package_identification:_identify(src/target_model_pkg/urdf) by extension 'ros'
[0.335s] Level 1:colcon.colcon_core.package_identification:_identify(src/target_model_pkg/urdf) by extensions ['cmake', 'python']
[0.335s] Level 1:colcon.colcon_core.package_identification:_identify(src/target_model_pkg/urdf) by extension 'cmake'
[0.335s] Level 1:colcon.colcon_core.package_identification:_identify(src/target_model_pkg/urdf) by extension 'python'
[0.335s] Level 1:colcon.colcon_core.package_identification:_identify(src/target_model_pkg/urdf) by extensions ['python_setup_py']
[0.335s] Level 1:colcon.colcon_core.package_identification:_identify(src/target_model_pkg/urdf) by extension 'python_setup_py'
[0.336s] Level 1:colcon.colcon_core.package_identification:_identify(src/target_model_pkg/urdf/armor) by extensions ['ignore', 'ignore_ament_install']
[0.336s] Level 1:colcon.colcon_core.package_identification:_identify(src/target_model_pkg/urdf/armor) by extension 'ignore'
[0.336s] Level 1:colcon.colcon_core.package_identification:_identify(src/target_model_pkg/urdf/armor) by extension 'ignore_ament_install'
[0.336s] Level 1:colcon.colcon_core.package_identification:_identify(src/target_model_pkg/urdf/armor) by extensions ['colcon_pkg']
[0.336s] Level 1:colcon.colcon_core.package_identification:_identify(src/target_model_pkg/urdf/armor) by extension 'colcon_pkg'
[0.336s] Level 1:colcon.colcon_core.package_identification:_identify(src/target_model_pkg/urdf/armor) by extensions ['colcon_meta']
[0.336s] Level 1:colcon.colcon_core.package_identification:_identify(src/target_model_pkg/urdf/armor) by extension 'colcon_meta'
[0.336s] Level 1:colcon.colcon_core.package_identification:_identify(src/target_model_pkg/urdf/armor) by extensions ['ros']
[0.336s] Level 1:colcon.colcon_core.package_identification:_identify(src/target_model_pkg/urdf/armor) by extension 'ros'
[0.336s] Level 1:colcon.colcon_core.package_identification:_identify(src/target_model_pkg/urdf/armor) by extensions ['cmake', 'python']
[0.336s] Level 1:colcon.colcon_core.package_identification:_identify(src/target_model_pkg/urdf/armor) by extension 'cmake'
[0.336s] Level 1:colcon.colcon_core.package_identification:_identify(src/target_model_pkg/urdf/armor) by extension 'python'
[0.336s] Level 1:colcon.colcon_core.package_identification:_identify(src/target_model_pkg/urdf/armor) by extensions ['python_setup_py']
[0.336s] Level 1:colcon.colcon_core.package_identification:_identify(src/target_model_pkg/urdf/armor) by extension 'python_setup_py'
[0.336s] Level 1:colcon.colcon_core.package_identification:_identify(src/target_model_pkg/urdf/armor/meshes) by extensions ['ignore', 'ignore_ament_install']
[0.336s] Level 1:colcon.colcon_core.package_identification:_identify(src/target_model_pkg/urdf/armor/meshes) by extension 'ignore'
[0.336s] Level 1:colcon.colcon_core.package_identification:_identify(src/target_model_pkg/urdf/armor/meshes) by extension 'ignore_ament_install'
[0.336s] Level 1:colcon.colcon_core.package_identification:_identify(src/target_model_pkg/urdf/armor/meshes) by extensions ['colcon_pkg']
[0.336s] Level 1:colcon.colcon_core.package_identification:_identify(src/target_model_pkg/urdf/armor/meshes) by extension 'colcon_pkg'
[0.336s] Level 1:colcon.colcon_core.package_identification:_identify(src/target_model_pkg/urdf/armor/meshes) by extensions ['colcon_meta']
[0.336s] Level 1:colcon.colcon_core.package_identification:_identify(src/target_model_pkg/urdf/armor/meshes) by extension 'colcon_meta'
[0.336s] Level 1:colcon.colcon_core.package_identification:_identify(src/target_model_pkg/urdf/armor/meshes) by extensions ['ros']
[0.336s] Level 1:colcon.colcon_core.package_identification:_identify(src/target_model_pkg/urdf/armor/meshes) by extension 'ros'
[0.336s] Level 1:colcon.colcon_core.package_identification:_identify(src/target_model_pkg/urdf/armor/meshes) by extensions ['cmake', 'python']
[0.336s] Level 1:colcon.colcon_core.package_identification:_identify(src/target_model_pkg/urdf/armor/meshes) by extension 'cmake'
[0.336s] Level 1:colcon.colcon_core.package_identification:_identify(src/target_model_pkg/urdf/armor/meshes) by extension 'python'
[0.336s] Level 1:colcon.colcon_core.package_identification:_identify(src/target_model_pkg/urdf/armor/meshes) by extensions ['python_setup_py']
[0.336s] Level 1:colcon.colcon_core.package_identification:_identify(src/target_model_pkg/urdf/armor/meshes) by extension 'python_setup_py'
[0.336s] Level 1:colcon.colcon_core.package_identification:_identify(src/target_model_pkg/urdf/armor/textures) by extensions ['ignore', 'ignore_ament_install']
[0.336s] Level 1:colcon.colcon_core.package_identification:_identify(src/target_model_pkg/urdf/armor/textures) by extension 'ignore'
[0.337s] Level 1:colcon.colcon_core.package_identification:_identify(src/target_model_pkg/urdf/armor/textures) by extension 'ignore_ament_install'
[0.337s] Level 1:colcon.colcon_core.package_identification:_identify(src/target_model_pkg/urdf/armor/textures) by extensions ['colcon_pkg']
[0.337s] Level 1:colcon.colcon_core.package_identification:_identify(src/target_model_pkg/urdf/armor/textures) by extension 'colcon_pkg'
[0.337s] Level 1:colcon.colcon_core.package_identification:_identify(src/target_model_pkg/urdf/armor/textures) by extensions ['colcon_meta']
[0.337s] Level 1:colcon.colcon_core.package_identification:_identify(src/target_model_pkg/urdf/armor/textures) by extension 'colcon_meta'
[0.337s] Level 1:colcon.colcon_core.package_identification:_identify(src/target_model_pkg/urdf/armor/textures) by extensions ['ros']
[0.337s] Level 1:colcon.colcon_core.package_identification:_identify(src/target_model_pkg/urdf/armor/textures) by extension 'ros'
[0.337s] Level 1:colcon.colcon_core.package_identification:_identify(src/target_model_pkg/urdf/armor/textures) by extensions ['cmake', 'python']
[0.337s] Level 1:colcon.colcon_core.package_identification:_identify(src/target_model_pkg/urdf/armor/textures) by extension 'cmake'
[0.337s] Level 1:colcon.colcon_core.package_identification:_identify(src/target_model_pkg/urdf/armor/textures) by extension 'python'
[0.337s] Level 1:colcon.colcon_core.package_identification:_identify(src/target_model_pkg/urdf/armor/textures) by extensions ['python_setup_py']
[0.337s] Level 1:colcon.colcon_core.package_identification:_identify(src/target_model_pkg/urdf/armor/textures) by extension 'python_setup_py'
[0.337s] Level 1:colcon.colcon_core.package_identification:_identify(src/target_model_pkg/urdf/rectangle) by extensions ['ignore', 'ignore_ament_install']
[0.337s] Level 1:colcon.colcon_core.package_identification:_identify(src/target_model_pkg/urdf/rectangle) by extension 'ignore'
[0.338s] Level 1:colcon.colcon_core.package_identification:_identify(src/target_model_pkg/urdf/rectangle) by extension 'ignore_ament_install'
[0.338s] Level 1:colcon.colcon_core.package_identification:_identify(src/target_model_pkg/urdf/rectangle) by extensions ['colcon_pkg']
[0.338s] Level 1:colcon.colcon_core.package_identification:_identify(src/target_model_pkg/urdf/rectangle) by extension 'colcon_pkg'
[0.338s] Level 1:colcon.colcon_core.package_identification:_identify(src/target_model_pkg/urdf/rectangle) by extensions ['colcon_meta']
[0.338s] Level 1:colcon.colcon_core.package_identification:_identify(src/target_model_pkg/urdf/rectangle) by extension 'colcon_meta'
[0.339s] Level 1:colcon.colcon_core.package_identification:_identify(src/target_model_pkg/urdf/rectangle) by extensions ['ros']
[0.339s] Level 1:colcon.colcon_core.package_identification:_identify(src/target_model_pkg/urdf/rectangle) by extension 'ros'
[0.339s] Level 1:colcon.colcon_core.package_identification:_identify(src/target_model_pkg/urdf/rectangle) by extensions ['cmake', 'python']
[0.339s] Level 1:colcon.colcon_core.package_identification:_identify(src/target_model_pkg/urdf/rectangle) by extension 'cmake'
[0.340s] Level 1:colcon.colcon_core.package_identification:_identify(src/target_model_pkg/urdf/rectangle) by extension 'python'
[0.340s] Level 1:colcon.colcon_core.package_identification:_identify(src/target_model_pkg/urdf/rectangle) by extensions ['python_setup_py']
[0.340s] Level 1:colcon.colcon_core.package_identification:_identify(src/target_model_pkg/urdf/rectangle) by extension 'python_setup_py'
[0.340s] Level 1:colcon.colcon_core.package_identification:_identify(src/target_model_pkg/urdf/sphere) by extensions ['ignore', 'ignore_ament_install']
[0.340s] Level 1:colcon.colcon_core.package_identification:_identify(src/target_model_pkg/urdf/sphere) by extension 'ignore'
[0.340s] Level 1:colcon.colcon_core.package_identification:_identify(src/target_model_pkg/urdf/sphere) by extension 'ignore_ament_install'
[0.340s] Level 1:colcon.colcon_core.package_identification:_identify(src/target_model_pkg/urdf/sphere) by extensions ['colcon_pkg']
[0.340s] Level 1:colcon.colcon_core.package_identification:_identify(src/target_model_pkg/urdf/sphere) by extension 'colcon_pkg'
[0.340s] Level 1:colcon.colcon_core.package_identification:_identify(src/target_model_pkg/urdf/sphere) by extensions ['colcon_meta']
[0.340s] Level 1:colcon.colcon_core.package_identification:_identify(src/target_model_pkg/urdf/sphere) by extension 'colcon_meta'
[0.340s] Level 1:colcon.colcon_core.package_identification:_identify(src/target_model_pkg/urdf/sphere) by extensions ['ros']
[0.340s] Level 1:colcon.colcon_core.package_identification:_identify(src/target_model_pkg/urdf/sphere) by extension 'ros'
[0.340s] Level 1:colcon.colcon_core.package_identification:_identify(src/target_model_pkg/urdf/sphere) by extensions ['cmake', 'python']
[0.340s] Level 1:colcon.colcon_core.package_identification:_identify(src/target_model_pkg/urdf/sphere) by extension 'cmake'
[0.340s] Level 1:colcon.colcon_core.package_identification:_identify(src/target_model_pkg/urdf/sphere) by extension 'python'
[0.340s] Level 1:colcon.colcon_core.package_identification:_identify(src/target_model_pkg/urdf/sphere) by extensions ['python_setup_py']
[0.340s] Level 1:colcon.colcon_core.package_identification:_identify(src/target_model_pkg/urdf/sphere) by extension 'python_setup_py'
[0.340s] Level 1:colcon.colcon_core.package_discovery:discover_packages(recursive) using defaults
[0.341s] Level 1:colcon.colcon_core.package_discovery:discover_packages(ignore) discover
[0.341s] Level 1:colcon.colcon_core.package_discovery:discover_packages(ignore) using defaults
[0.341s] Level 1:colcon.colcon_core.package_discovery:discover_packages(path) discover
[0.341s] Level 1:colcon.colcon_core.package_discovery:discover_packages(path) using defaults
[0.357s] Level 1:colcon.colcon_core.package_discovery:discover_packages(prefix_path) check parameters
[0.357s] Level 1:colcon.colcon_core.package_discovery:discover_packages(prefix_path) discover
[0.359s] DEBUG:colcon.colcon_installed_package_information.package_discovery:Found 12 installed packages in /home/carrot/Vision_Arena_2025/install
[0.360s] DEBUG:colcon.colcon_installed_package_information.package_discovery:Found 281 installed packages in /opt/ros/humble
[0.361s] Level 1:colcon.colcon_core.package_discovery:discover_packages(prefix_path) using defaults
[0.409s] Level 5:colcon.colcon_core.verb:set package 'player_pkg' build argument 'cmake_args' from command line to 'None'
[0.409s] Level 5:colcon.colcon_core.verb:set package 'player_pkg' build argument 'cmake_target' from command line to 'None'
[0.409s] Level 5:colcon.colcon_core.verb:set package 'player_pkg' build argument 'cmake_target_skip_unavailable' from command line to 'False'
[0.409s] Level 5:colcon.colcon_core.verb:set package 'player_pkg' build argument 'cmake_clean_cache' from command line to 'False'
[0.409s] Level 5:colcon.colcon_core.verb:set package 'player_pkg' build argument 'cmake_clean_first' from command line to 'False'
[0.409s] Level 5:colcon.colcon_core.verb:set package 'player_pkg' build argument 'cmake_force_configure' from command line to 'False'
[0.409s] Level 5:colcon.colcon_core.verb:set package 'player_pkg' build argument 'ament_cmake_args' from command line to 'None'
[0.409s] Level 5:colcon.colcon_core.verb:set package 'player_pkg' build argument 'catkin_cmake_args' from command line to 'None'
[0.409s] Level 5:colcon.colcon_core.verb:set package 'player_pkg' build argument 'catkin_skip_building_tests' from command line to 'False'
[0.409s] DEBUG:colcon.colcon_core.verb:Building package 'player_pkg' with the following arguments: {'ament_cmake_args': None, 'build_base': '/home/carrot/Vision_Arena_2025/build/player_pkg', 'catkin_cmake_args': None, 'catkin_skip_building_tests': False, 'cmake_args': None, 'cmake_clean_cache': False, 'cmake_clean_first': False, 'cmake_force_configure': False, 'cmake_target': None, 'cmake_target_skip_unavailable': False, 'install_base': '/home/carrot/Vision_Arena_2025/install/player_pkg', 'merge_install': False, 'path': '/home/carrot/Vision_Arena_2025/src/player_pkg', 'symlink_install': False, 'test_result_base': None}
[0.409s] INFO:colcon.colcon_core.executor:Executing jobs using 'parallel' executor
[0.412s] DEBUG:colcon.colcon_parallel_executor.executor.parallel:run_until_complete
[0.412s] INFO:colcon.colcon_ros.task.ament_cmake.build:Building ROS package in '/home/carrot/Vision_Arena_2025/src/player_pkg' with build type 'ament_cmake'
[0.413s] INFO:colcon.colcon_cmake.task.cmake.build:Building CMake package in '/home/carrot/Vision_Arena_2025/src/player_pkg'
[0.414s] INFO:colcon.colcon_core.plugin_system:Skipping extension 'colcon_core.shell.bat': Not used on non-Windows systems
[0.414s] INFO:colcon.colcon_core.shell:Skip shell extension 'powershell' for command environment: Not usable outside of PowerShell
[0.414s] DEBUG:colcon.colcon_core.shell:Skip shell extension 'dsv' for command environment
[0.441s] DEBUG:colcon.colcon_core.event_handler.log_command:Invoking command in '/home/carrot/Vision_Arena_2025/build/player_pkg': CMAKE_PREFIX_PATH=${CMAKE_PREFIX_PATH}:/opt/ros/humble /usr/bin/cmake --build /home/carrot/Vision_Arena_2025/build/player_pkg -- -j2 -l2
[19.240s] DEBUG:colcon.colcon_core.event_handler.log_command:Invoked command in '/home/carrot/Vision_Arena_2025/build/player_pkg' returned '0': CMAKE_PREFIX_PATH=${CMAKE_PREFIX_PATH}:/opt/ros/humble /usr/bin/cmake --build /home/carrot/Vision_Arena_2025/build/player_pkg -- -j2 -l2
[19.380s] DEBUG:colcon.colcon_core.event_handler.log_command:Invoking command in '/home/carrot/Vision_Arena_2025/build/player_pkg': CMAKE_PREFIX_PATH=${CMAKE_PREFIX_PATH}:/opt/ros/humble /usr/bin/cmake --install /home/carrot/Vision_Arena_2025/build/player_pkg
[19.465s] DEBUG:colcon.colcon_core.event_handler.log_command:Invoked command in '/home/carrot/Vision_Arena_2025/build/player_pkg' returned '0': CMAKE_PREFIX_PATH=${CMAKE_PREFIX_PATH}:/opt/ros/humble /usr/bin/cmake --install /home/carrot/Vision_Arena_2025/build/player_pkg
[19.467s] Level 1:colcon.colcon_core.environment:create_environment_scripts_only(player_pkg)
[19.612s] Level 1:colcon.colcon_core.environment:checking '/home/carrot/Vision_Arena_2025/install/player_pkg' for CMake module files
[19.617s] Level 1:colcon.colcon_core.environment:checking '/home/carrot/Vision_Arena_2025/install/player_pkg' for CMake config files
[19.621s] Level 1:colcon.colcon_core.shell:create_environment_hook('player_pkg', 'cmake_prefix_path')
[19.624s] INFO:colcon.colcon_core.shell:Creating environment hook '/home/carrot/Vision_Arena_2025/install/player_pkg/share/player_pkg/hook/cmake_prefix_path.ps1'
[19.653s] INFO:colcon.colcon_core.shell:Creating environment descriptor '/home/carrot/Vision_Arena_2025/install/player_pkg/share/player_pkg/hook/cmake_prefix_path.dsv'
[19.656s] INFO:colcon.colcon_core.shell:Creating environment hook '/home/carrot/Vision_Arena_2025/install/player_pkg/share/player_pkg/hook/cmake_prefix_path.sh'
[19.674s] Level 1:colcon.colcon_core.environment:checking '/home/carrot/Vision_Arena_2025/install/player_pkg/lib'
[19.676s] Level 1:colcon.colcon_core.environment:checking '/home/carrot/Vision_Arena_2025/install/player_pkg/bin'
[19.677s] Level 1:colcon.colcon_core.environment:checking '/home/carrot/Vision_Arena_2025/install/player_pkg/lib/pkgconfig/player_pkg.pc'
[19.701s] Level 1:colcon.colcon_core.environment:checking '/home/carrot/Vision_Arena_2025/install/player_pkg/lib/python3.10/site-packages'
[19.702s] Level 1:colcon.colcon_core.environment:checking '/home/carrot/Vision_Arena_2025/install/player_pkg/bin'
[19.706s] INFO:colcon.colcon_core.shell:Creating package script '/home/carrot/Vision_Arena_2025/install/player_pkg/share/player_pkg/package.ps1'
[19.710s] INFO:colcon.colcon_core.shell:Creating package descriptor '/home/carrot/Vision_Arena_2025/install/player_pkg/share/player_pkg/package.dsv'
[19.716s] INFO:colcon.colcon_core.shell:Creating package script '/home/carrot/Vision_Arena_2025/install/player_pkg/share/player_pkg/package.sh'
[19.719s] INFO:colcon.colcon_core.shell:Creating package script '/home/carrot/Vision_Arena_2025/install/player_pkg/share/player_pkg/package.bash'
[19.726s] INFO:colcon.colcon_core.shell:Creating package script '/home/carrot/Vision_Arena_2025/install/player_pkg/share/player_pkg/package.zsh'
[19.737s] Level 1:colcon.colcon_core.environment:create_file_with_runtime_dependencies(/home/carrot/Vision_Arena_2025/install/player_pkg/share/colcon-core/packages/player_pkg)
[19.752s] Level 1:colcon.colcon_core.environment:create_environment_scripts_only(player_pkg)
[19.755s] Level 1:colcon.colcon_core.environment:checking '/home/carrot/Vision_Arena_2025/install/player_pkg' for CMake module files
[19.756s] Level 1:colcon.colcon_core.environment:checking '/home/carrot/Vision_Arena_2025/install/player_pkg' for CMake config files
[19.758s] Level 1:colcon.colcon_core.shell:create_environment_hook('player_pkg', 'cmake_prefix_path')
[19.759s] INFO:colcon.colcon_core.shell:Creating environment hook '/home/carrot/Vision_Arena_2025/install/player_pkg/share/player_pkg/hook/cmake_prefix_path.ps1'
[19.760s] INFO:colcon.colcon_core.shell:Creating environment descriptor '/home/carrot/Vision_Arena_2025/install/player_pkg/share/player_pkg/hook/cmake_prefix_path.dsv'
[19.762s] INFO:colcon.colcon_core.shell:Creating environment hook '/home/carrot/Vision_Arena_2025/install/player_pkg/share/player_pkg/hook/cmake_prefix_path.sh'
[19.765s] Level 1:colcon.colcon_core.environment:checking '/home/carrot/Vision_Arena_2025/install/player_pkg/lib'
[19.765s] Level 1:colcon.colcon_core.environment:checking '/home/carrot/Vision_Arena_2025/install/player_pkg/bin'
[19.766s] Level 1:colcon.colcon_core.environment:checking '/home/carrot/Vision_Arena_2025/install/player_pkg/lib/pkgconfig/player_pkg.pc'
[19.766s] Level 1:colcon.colcon_core.environment:checking '/home/carrot/Vision_Arena_2025/install/player_pkg/lib/python3.10/site-packages'
[19.766s] Level 1:colcon.colcon_core.environment:checking '/home/carrot/Vision_Arena_2025/install/player_pkg/bin'
[19.767s] INFO:colcon.colcon_core.shell:Creating package script '/home/carrot/Vision_Arena_2025/install/player_pkg/share/player_pkg/package.ps1'
[19.769s] INFO:colcon.colcon_core.shell:Creating package descriptor '/home/carrot/Vision_Arena_2025/install/player_pkg/share/player_pkg/package.dsv'
[19.769s] INFO:colcon.colcon_core.shell:Creating package script '/home/carrot/Vision_Arena_2025/install/player_pkg/share/player_pkg/package.sh'
[19.770s] INFO:colcon.colcon_core.shell:Creating package script '/home/carrot/Vision_Arena_2025/install/player_pkg/share/player_pkg/package.bash'
[19.771s] INFO:colcon.colcon_core.shell:Creating package script '/home/carrot/Vision_Arena_2025/install/player_pkg/share/player_pkg/package.zsh'
[19.774s] Level 1:colcon.colcon_core.environment:create_file_with_runtime_dependencies(/home/carrot/Vision_Arena_2025/install/player_pkg/share/colcon-core/packages/player_pkg)
[19.782s] DEBUG:colcon.colcon_parallel_executor.executor.parallel:closing loop
[19.794s] DEBUG:colcon.colcon_parallel_executor.executor.parallel:loop closed
[19.795s] DEBUG:colcon.colcon_parallel_executor.executor.parallel:run_until_complete finished with '0'
[19.797s] DEBUG:colcon.colcon_core.event_reactor:joining thread
[19.883s] INFO:colcon.colcon_core.plugin_system:Skipping extension 'colcon_notification.desktop_notification.terminal_notifier': Not used on non-Darwin systems
[19.883s] INFO:colcon.colcon_core.plugin_system:Skipping extension 'colcon_notification.desktop_notification.win32': Not used on non-Windows systems
[19.884s] INFO:colcon.colcon_notification.desktop_notification:Sending desktop notification using 'notify2'
[20.112s] DEBUG:colcon.colcon_core.event_reactor:joined thread
[20.124s] INFO:colcon.colcon_core.shell:Creating prefix script '/home/carrot/Vision_Arena_2025/install/local_setup.ps1'
[20.150s] INFO:colcon.colcon_core.shell:Creating prefix util module '/home/carrot/Vision_Arena_2025/install/_local_setup_util_ps1.py'
[20.170s] INFO:colcon.colcon_core.shell:Creating prefix chain script '/home/carrot/Vision_Arena_2025/install/setup.ps1'
[20.199s] INFO:colcon.colcon_core.shell:Creating prefix script '/home/carrot/Vision_Arena_2025/install/local_setup.sh'
[20.211s] INFO:colcon.colcon_core.shell:Creating prefix util module '/home/carrot/Vision_Arena_2025/install/_local_setup_util_sh.py'
[20.216s] INFO:colcon.colcon_core.shell:Creating prefix chain script '/home/carrot/Vision_Arena_2025/install/setup.sh'
[20.228s] INFO:colcon.colcon_core.shell:Creating prefix script '/home/carrot/Vision_Arena_2025/install/local_setup.bash'
[20.231s] INFO:colcon.colcon_core.shell:Creating prefix chain script '/home/carrot/Vision_Arena_2025/install/setup.bash'
[20.238s] INFO:colcon.colcon_core.shell:Creating prefix script '/home/carrot/Vision_Arena_2025/install/local_setup.zsh'
[20.241s] INFO:colcon.colcon_core.shell:Creating prefix chain script '/home/carrot/Vision_Arena_2025/install/setup.zsh'
