[0.055s] Invoking command in '/home/carrot/Vision_Arena_2025/build/player_pkg': CMAKE_PREFIX_PATH=${CMAKE_PREFIX_PATH}:/opt/ros/humble /usr/bin/cmake --build /home/carrot/Vision_Arena_2025/build/player_pkg -- -j2 -l2
[0.345s] [35m[1mConsolidate compiler generated dependencies of target TestNode[0m
[0.402s] [ 50%] [32mBuilding CXX object CMakeFiles/TestNode.dir/src/test.cpp.o[0m
[10.404s] [100%] [32m[1mLinking CXX executable TestNode[0m
[10.684s] /usr/bin/ld: warning: libopencv_imgproc.so.4.5d, needed by /opt/ros/humble/lib/libcv_bridge.so, may conflict with libopencv_imgproc.so.413
[10.687s] /usr/bin/ld: warning: libopencv_core.so.4.5d, needed by /opt/ros/humble/lib/libcv_bridge.so, may conflict with libopencv_core.so.413
[11.394s] [100%] Built target TestNode
[11.410s] Invoked command in '/home/carrot/Vision_Arena_2025/build/player_pkg' returned '0': CMAKE_PREFIX_PATH=${CMAKE_PREFIX_PATH}:/opt/ros/humble /usr/bin/cmake --build /home/carrot/Vision_Arena_2025/build/player_pkg -- -j2 -l2
[11.432s] Invoking command in '/home/carrot/Vision_Arena_2025/build/player_pkg': CMAKE_PREFIX_PATH=${CMAKE_PREFIX_PATH}:/opt/ros/humble /usr/bin/cmake --install /home/carrot/Vision_Arena_2025/build/player_pkg
[11.443s] -- Install configuration: ""
[11.444s] -- Installing: /home/carrot/Vision_Arena_2025/install/player_pkg/lib/player_pkg/TestNode
[11.451s] -- Set runtime path of "/home/carrot/Vision_Arena_2025/install/player_pkg/lib/player_pkg/TestNode" to ""
[11.452s] -- Up-to-date: /home/carrot/Vision_Arena_2025/install/player_pkg/share/ament_index/resource_index/package_run_dependencies/player_pkg
[11.452s] -- Up-to-date: /home/carrot/Vision_Arena_2025/install/player_pkg/share/ament_index/resource_index/parent_prefix_path/player_pkg
[11.453s] -- Up-to-date: /home/carrot/Vision_Arena_2025/install/player_pkg/share/player_pkg/environment/ament_prefix_path.sh
[11.453s] -- Up-to-date: /home/carrot/Vision_Arena_2025/install/player_pkg/share/player_pkg/environment/ament_prefix_path.dsv
[11.454s] -- Up-to-date: /home/carrot/Vision_Arena_2025/install/player_pkg/share/player_pkg/environment/path.sh
[11.454s] -- Up-to-date: /home/carrot/Vision_Arena_2025/install/player_pkg/share/player_pkg/environment/path.dsv
[11.454s] -- Up-to-date: /home/carrot/Vision_Arena_2025/install/player_pkg/share/player_pkg/local_setup.bash
[11.454s] -- Up-to-date: /home/carrot/Vision_Arena_2025/install/player_pkg/share/player_pkg/local_setup.sh
[11.454s] -- Up-to-date: /home/carrot/Vision_Arena_2025/install/player_pkg/share/player_pkg/local_setup.zsh
[11.454s] -- Up-to-date: /home/carrot/Vision_Arena_2025/install/player_pkg/share/player_pkg/local_setup.dsv
[11.454s] -- Installing: /home/carrot/Vision_Arena_2025/install/player_pkg/share/player_pkg/package.dsv
[11.457s] -- Up-to-date: /home/carrot/Vision_Arena_2025/install/player_pkg/share/ament_index/resource_index/packages/player_pkg
[11.457s] -- Up-to-date: /home/carrot/Vision_Arena_2025/install/player_pkg/share/player_pkg/cmake/player_pkgConfig.cmake
[11.457s] -- Up-to-date: /home/carrot/Vision_Arena_2025/install/player_pkg/share/player_pkg/cmake/player_pkgConfig-version.cmake
[11.457s] -- Up-to-date: /home/carrot/Vision_Arena_2025/install/player_pkg/share/player_pkg/package.xml
[11.459s] Invoked command in '/home/carrot/Vision_Arena_2025/build/player_pkg' returned '0': CMAKE_PREFIX_PATH=${CMAKE_PREFIX_PATH}:/opt/ros/humble /usr/bin/cmake --install /home/carrot/Vision_Arena_2025/build/player_pkg
