[0.014s] Invoking command in '/home/carrot/robomaster/build/teamX_challenge': /usr/bin/cmake /home/carrot/robomaster/teamX_challenge -DCMAKE_INSTALL_PREFIX=/home/carrot/robomaster/install/teamX_challenge
[0.042s] -- Found ament_cmake: 1.3.12 (/opt/ros/humble/share/ament_cmake/cmake)
[0.169s] -- Found rclcpp: 16.0.15 (/opt/ros/humble/share/rclcpp/cmake)
[0.195s] -- Found rosidl_generator_c: 3.1.7 (/opt/ros/humble/share/rosidl_generator_c/cmake)
[0.197s] -- Found rosidl_adapter: 3.1.7 (/opt/ros/humble/share/rosidl_adapter/cmake)
[0.201s] -- Found rosidl_generator_cpp: 3.1.7 (/opt/ros/humble/share/rosidl_generator_cpp/cmake)
[0.212s] -- Using all available rosidl_typesupport_c: rosidl_typesupport_fastrtps_c;rosidl_typesupport_introspection_c
[0.231s] -- Using all available rosidl_typesupport_cpp: rosidl_typesupport_fastrtps_cpp;rosidl_typesupport_introspection_cpp
[0.259s] -- Found rmw_implementation_cmake: 6.1.2 (/opt/ros/humble/share/rmw_implementation_cmake/cmake)
[0.260s] -- Found rmw_fastrtps_cpp: 6.2.9 (/opt/ros/humble/share/rmw_fastrtps_cpp/cmake)
[0.375s] -- Using RMW implementation 'rmw_fastrtps_cpp' as default
[0.417s] -- Found sensor_msgs: 4.9.0 (/opt/ros/humble/share/sensor_msgs/cmake)
[0.450s] -- Found cv_bridge: 3.2.1 (/opt/ros/humble/share/cv_bridge/cmake)
[0.457s] -- Found image_transport: 3.1.12 (/opt/ros/humble/share/image_transport/cmake)
[0.480s] [31mCMake Error at /opt/ros/humble/share/ament_cmake_target_dependencies/cmake/ament_target_dependencies.cmake:77 (message):
[0.480s]   ament_target_dependencies() the passed package name 'opencv' was not found
[0.480s]   before
[0.481s] Call Stack (most recent call first):
[0.481s]   CMakeLists.txt:19 (ament_target_dependencies)
[0.481s] 
[0.481s] [0m
[0.482s] -- Configuring incomplete, errors occurred!
[0.482s] See also "/home/carrot/robomaster/build/teamX_challenge/CMakeFiles/CMakeOutput.log".
[0.499s] Invoked command in '/home/carrot/robomaster/build/teamX_challenge' returned '1': /usr/bin/cmake /home/carrot/robomaster/teamX_challenge -DCMAKE_INSTALL_PREFIX=/home/carrot/robomaster/install/teamX_challenge
