[0.015s] Invoking command in '/home/carrot/robomaster/build/teamX_challenge': /usr/bin/cmake /home/carrot/robomaster/teamX_challenge -DCMAKE_INSTALL_PREFIX=/home/carrot/robomaster/install/teamX_challenge
[0.028s] -- Found ament_cmake: 1.3.12 (/opt/ros/humble/share/ament_cmake/cmake)
[0.142s] -- Found rclcpp: 16.0.15 (/opt/ros/humble/share/rclcpp/cmake)
[0.169s] -- Found rosidl_generator_c: 3.1.7 (/opt/ros/humble/share/rosidl_generator_c/cmake)
[0.170s] -- Found rosidl_adapter: 3.1.7 (/opt/ros/humble/share/rosidl_adapter/cmake)
[0.176s] -- Found rosidl_generator_cpp: 3.1.7 (/opt/ros/humble/share/rosidl_generator_cpp/cmake)
[0.183s] -- Using all available rosidl_typesupport_c: rosidl_typesupport_fastrtps_c;rosidl_typesupport_introspection_c
[0.192s] -- Using all available rosidl_typesupport_cpp: rosidl_typesupport_fastrtps_cpp;rosidl_typesupport_introspection_cpp
[0.222s] -- Found rmw_implementation_cmake: 6.1.2 (/opt/ros/humble/share/rmw_implementation_cmake/cmake)
[0.224s] -- Found rmw_fastrtps_cpp: 6.2.9 (/opt/ros/humble/share/rmw_fastrtps_cpp/cmake)
[0.330s] -- Using RMW implementation 'rmw_fastrtps_cpp' as default
[0.370s] -- Found sensor_msgs: 4.9.0 (/opt/ros/humble/share/sensor_msgs/cmake)
[0.395s] -- Found cv_bridge: 3.2.1 (/opt/ros/humble/share/cv_bridge/cmake)
[0.398s] -- Found image_transport: 3.1.12 (/opt/ros/humble/share/image_transport/cmake)
[0.426s] [31mCMake Error at CMakeLists.txt:14 (find_package):
[0.426s]   By not providing "FindOPENCV.cmake" in CMAKE_MODULE_PATH this project has
[0.426s]   asked CMake to find a package configuration file provided by "OPENCV", but
[0.426s]   CMake did not find one.
[0.426s] 
[0.426s]   Could not find a package configuration file provided by "OPENCV" with any
[0.426s]   of the following names:
[0.426s] 
[0.426s]     OPENCVConfig.cmake
[0.426s]     opencv-config.cmake
[0.426s] 
[0.426s]   Add the installation prefix of "OPENCV" to CMAKE_PREFIX_PATH or set
[0.426s]   "OPENCV_DIR" to a directory containing one of the above files.  If "OPENCV"
[0.426s]   provides a separate development package or SDK, be sure it has been
[0.426s]   installed.
[0.426s] 
[0.426s] [0m
[0.428s] -- Configuring incomplete, errors occurred!
[0.428s] See also "/home/carrot/robomaster/build/teamX_challenge/CMakeFiles/CMakeOutput.log".
[0.436s] Invoked command in '/home/carrot/robomaster/build/teamX_challenge' returned '1': /usr/bin/cmake /home/carrot/robomaster/teamX_challenge -DCMAKE_INSTALL_PREFIX=/home/carrot/robomaster/install/teamX_challenge
