[0.388s] DEBUG:colcon:Command line arguments: ['/usr/bin/colcon', 'build']
[0.389s] DEBUG:colcon:Parsed command line arguments: Namespace(log_base=None, log_level=None, verb_name='build', build_base='build', install_base='install', merge_install=False, symlink_install=False, test_result_base=None, continue_on_error=False, executor='parallel', parallel_workers=2, event_handlers=None, ignore_user_meta=False, metas=['./colcon.meta'], base_paths=['.'], packages_ignore=None, packages_ignore_regex=None, paths=None, packages_up_to=None, packages_up_to_regex=None, packages_above=None, packages_above_and_dependencies=None, packages_above_depth=None, packages_select_by_dep=None, packages_skip_by_dep=None, packages_skip_up_to=None, packages_select_build_failed=False, packages_skip_build_finished=False, packages_select_test_failures=False, packages_skip_test_passed=False, packages_select=None, packages_skip=None, packages_select_regex=None, packages_skip_regex=None, packages_start=None, packages_end=None, allow_overriding=[], cmake_args=None, cmake_target=None, cmake_target_skip_unavailable=False, cmake_clean_cache=False, cmake_clean_first=False, cmake_force_configure=False, ament_cmake_args=None, catkin_cmake_args=None, catkin_skip_building_tests=False, verb_parser=<colcon_defaults.argument_parser.defaults.DefaultArgumentsDecorator object at 0x7d788f227280>, verb_extension=<colcon_core.verb.build.BuildVerb object at 0x7d788f226cb0>, main=<bound method BuildVerb.main of <colcon_core.verb.build.BuildVerb object at 0x7d788f226cb0>>)
[0.666s] Level 1:colcon.colcon_core.package_discovery:discover_packages(colcon_meta) check parameters
[0.666s] Level 1:colcon.colcon_core.package_discovery:discover_packages(recursive) check parameters
[0.666s] Level 1:colcon.colcon_core.package_discovery:discover_packages(ignore) check parameters
[0.666s] Level 1:colcon.colcon_core.package_discovery:discover_packages(path) check parameters
[0.666s] Level 1:colcon.colcon_core.package_discovery:discover_packages(colcon_meta) discover
[0.666s] Level 1:colcon.colcon_core.package_discovery:discover_packages(recursive) discover
[0.666s] INFO:colcon.colcon_core.package_discovery:Crawling recursively for packages in '/home/carrot/Vision_Arena_2025'
[0.666s] Level 1:colcon.colcon_core.package_identification:_identify(.) by extensions ['ignore', 'ignore_ament_install']
[0.666s] Level 1:colcon.colcon_core.package_identification:_identify(.) by extension 'ignore'
[0.667s] Level 1:colcon.colcon_core.package_identification:_identify(.) by extension 'ignore_ament_install'
[0.667s] Level 1:colcon.colcon_core.package_identification:_identify(.) by extensions ['colcon_pkg']
[0.667s] Level 1:colcon.colcon_core.package_identification:_identify(.) by extension 'colcon_pkg'
[0.667s] Level 1:colcon.colcon_core.package_identification:_identify(.) by extensions ['colcon_meta']
[0.667s] Level 1:colcon.colcon_core.package_identification:_identify(.) by extension 'colcon_meta'
[0.667s] Level 1:colcon.colcon_core.package_identification:_identify(.) by extensions ['ros']
[0.667s] Level 1:colcon.colcon_core.package_identification:_identify(.) by extension 'ros'
[0.703s] Level 1:colcon.colcon_core.package_identification:_identify(.) by extensions ['cmake', 'python']
[0.703s] Level 1:colcon.colcon_core.package_identification:_identify(.) by extension 'cmake'
[0.703s] Level 1:colcon.colcon_core.package_identification:_identify(.) by extension 'python'
[0.703s] Level 1:colcon.colcon_core.package_identification:_identify(.) by extensions ['python_setup_py']
[0.703s] Level 1:colcon.colcon_core.package_identification:_identify(.) by extension 'python_setup_py'
[0.704s] Level 1:colcon.colcon_core.package_identification:_identify(build) by extensions ['ignore', 'ignore_ament_install']
[0.705s] Level 1:colcon.colcon_core.package_identification:_identify(build) by extension 'ignore'
[0.705s] Level 1:colcon.colcon_core.package_identification:_identify(build) ignored
[0.705s] Level 1:colcon.colcon_core.package_identification:_identify(doc) by extensions ['ignore', 'ignore_ament_install']
[0.705s] Level 1:colcon.colcon_core.package_identification:_identify(doc) by extension 'ignore'
[0.705s] Level 1:colcon.colcon_core.package_identification:_identify(doc) by extension 'ignore_ament_install'
[0.705s] Level 1:colcon.colcon_core.package_identification:_identify(doc) by extensions ['colcon_pkg']
[0.705s] Level 1:colcon.colcon_core.package_identification:_identify(doc) by extension 'colcon_pkg'
[0.706s] Level 1:colcon.colcon_core.package_identification:_identify(doc) by extensions ['colcon_meta']
[0.706s] Level 1:colcon.colcon_core.package_identification:_identify(doc) by extension 'colcon_meta'
[0.706s] Level 1:colcon.colcon_core.package_identification:_identify(doc) by extensions ['ros']
[0.706s] Level 1:colcon.colcon_core.package_identification:_identify(doc) by extension 'ros'
[0.706s] Level 1:colcon.colcon_core.package_identification:_identify(doc) by extensions ['cmake', 'python']
[0.706s] Level 1:colcon.colcon_core.package_identification:_identify(doc) by extension 'cmake'
[0.706s] Level 1:colcon.colcon_core.package_identification:_identify(doc) by extension 'python'
[0.706s] Level 1:colcon.colcon_core.package_identification:_identify(doc) by extensions ['python_setup_py']
[0.706s] Level 1:colcon.colcon_core.package_identification:_identify(doc) by extension 'python_setup_py'
[0.706s] Level 1:colcon.colcon_core.package_identification:_identify(install) by extensions ['ignore', 'ignore_ament_install']
[0.706s] Level 1:colcon.colcon_core.package_identification:_identify(install) by extension 'ignore'
[0.706s] Level 1:colcon.colcon_core.package_identification:_identify(install) ignored
[0.706s] Level 1:colcon.colcon_core.package_identification:_identify(log) by extensions ['ignore', 'ignore_ament_install']
[0.706s] Level 1:colcon.colcon_core.package_identification:_identify(log) by extension 'ignore'
[0.706s] Level 1:colcon.colcon_core.package_identification:_identify(log) ignored
[0.706s] Level 1:colcon.colcon_core.package_identification:_identify(resource) by extensions ['ignore', 'ignore_ament_install']
[0.706s] Level 1:colcon.colcon_core.package_identification:_identify(resource) by extension 'ignore'
[0.706s] Level 1:colcon.colcon_core.package_identification:_identify(resource) by extension 'ignore_ament_install'
[0.707s] Level 1:colcon.colcon_core.package_identification:_identify(resource) by extensions ['colcon_pkg']
[0.707s] Level 1:colcon.colcon_core.package_identification:_identify(resource) by extension 'colcon_pkg'
[0.707s] Level 1:colcon.colcon_core.package_identification:_identify(resource) by extensions ['colcon_meta']
[0.707s] Level 1:colcon.colcon_core.package_identification:_identify(resource) by extension 'colcon_meta'
[0.707s] Level 1:colcon.colcon_core.package_identification:_identify(resource) by extensions ['ros']
[0.707s] Level 1:colcon.colcon_core.package_identification:_identify(resource) by extension 'ros'
[0.707s] Level 1:colcon.colcon_core.package_identification:_identify(resource) by extensions ['cmake', 'python']
[0.707s] Level 1:colcon.colcon_core.package_identification:_identify(resource) by extension 'cmake'
[0.707s] Level 1:colcon.colcon_core.package_identification:_identify(resource) by extension 'python'
[0.707s] Level 1:colcon.colcon_core.package_identification:_identify(resource) by extensions ['python_setup_py']
[0.707s] Level 1:colcon.colcon_core.package_identification:_identify(resource) by extension 'python_setup_py'
[0.707s] Level 1:colcon.colcon_core.package_identification:_identify(src) by extensions ['ignore', 'ignore_ament_install']
[0.707s] Level 1:colcon.colcon_core.package_identification:_identify(src) by extension 'ignore'
[0.707s] Level 1:colcon.colcon_core.package_identification:_identify(src) by extension 'ignore_ament_install'
[0.707s] Level 1:colcon.colcon_core.package_identification:_identify(src) by extensions ['colcon_pkg']
[0.707s] Level 1:colcon.colcon_core.package_identification:_identify(src) by extension 'colcon_pkg'
[0.707s] Level 1:colcon.colcon_core.package_identification:_identify(src) by extensions ['colcon_meta']
[0.707s] Level 1:colcon.colcon_core.package_identification:_identify(src) by extension 'colcon_meta'
[0.707s] Level 1:colcon.colcon_core.package_identification:_identify(src) by extensions ['ros']
[0.707s] Level 1:colcon.colcon_core.package_identification:_identify(src) by extension 'ros'
[0.707s] Level 1:colcon.colcon_core.package_identification:_identify(src) by extensions ['cmake', 'python']
[0.707s] Level 1:colcon.colcon_core.package_identification:_identify(src) by extension 'cmake'
[0.707s] Level 1:colcon.colcon_core.package_identification:_identify(src) by extension 'python'
[0.707s] Level 1:colcon.colcon_core.package_identification:_identify(src) by extensions ['python_setup_py']
[0.707s] Level 1:colcon.colcon_core.package_identification:_identify(src) by extension 'python_setup_py'
[0.707s] Level 1:colcon.colcon_core.package_identification:_identify(src/player_pkg) by extensions ['ignore', 'ignore_ament_install']
[0.707s] Level 1:colcon.colcon_core.package_identification:_identify(src/player_pkg) by extension 'ignore'
[0.708s] Level 1:colcon.colcon_core.package_identification:_identify(src/player_pkg) by extension 'ignore_ament_install'
[0.708s] Level 1:colcon.colcon_core.package_identification:_identify(src/player_pkg) by extensions ['colcon_pkg']
[0.708s] Level 1:colcon.colcon_core.package_identification:_identify(src/player_pkg) by extension 'colcon_pkg'
[0.708s] Level 1:colcon.colcon_core.package_identification:_identify(src/player_pkg) by extensions ['colcon_meta']
[0.708s] Level 1:colcon.colcon_core.package_identification:_identify(src/player_pkg) by extension 'colcon_meta'
[0.708s] Level 1:colcon.colcon_core.package_identification:_identify(src/player_pkg) by extensions ['ros']
[0.708s] Level 1:colcon.colcon_core.package_identification:_identify(src/player_pkg) by extension 'ros'
[0.712s] DEBUG:colcon.colcon_core.package_identification:Package 'src/player_pkg' with type 'ros.ament_cmake' and name 'player_pkg'
[0.712s] Level 1:colcon.colcon_core.package_identification:_identify(src/target_model_pkg) by extensions ['ignore', 'ignore_ament_install']
[0.713s] Level 1:colcon.colcon_core.package_identification:_identify(src/target_model_pkg) by extension 'ignore'
[0.713s] Level 1:colcon.colcon_core.package_identification:_identify(src/target_model_pkg) by extension 'ignore_ament_install'
[0.713s] Level 1:colcon.colcon_core.package_identification:_identify(src/target_model_pkg) by extensions ['colcon_pkg']
[0.713s] Level 1:colcon.colcon_core.package_identification:_identify(src/target_model_pkg) by extension 'colcon_pkg'
[0.713s] Level 1:colcon.colcon_core.package_identification:_identify(src/target_model_pkg) by extensions ['colcon_meta']
[0.713s] Level 1:colcon.colcon_core.package_identification:_identify(src/target_model_pkg) by extension 'colcon_meta'
[0.713s] Level 1:colcon.colcon_core.package_identification:_identify(src/target_model_pkg) by extensions ['ros']
[0.713s] Level 1:colcon.colcon_core.package_identification:_identify(src/target_model_pkg) by extension 'ros'
[0.713s] Level 1:colcon.colcon_core.package_identification:_identify(src/target_model_pkg) by extensions ['cmake', 'python']
[0.713s] Level 1:colcon.colcon_core.package_identification:_identify(src/target_model_pkg) by extension 'cmake'
[0.713s] Level 1:colcon.colcon_core.package_identification:_identify(src/target_model_pkg) by extension 'python'
[0.713s] Level 1:colcon.colcon_core.package_identification:_identify(src/target_model_pkg) by extensions ['python_setup_py']
[0.713s] Level 1:colcon.colcon_core.package_identification:_identify(src/target_model_pkg) by extension 'python_setup_py'
[0.713s] Level 1:colcon.colcon_core.package_identification:_identify(src/target_model_pkg/urdf) by extensions ['ignore', 'ignore_ament_install']
[0.713s] Level 1:colcon.colcon_core.package_identification:_identify(src/target_model_pkg/urdf) by extension 'ignore'
[0.714s] Level 1:colcon.colcon_core.package_identification:_identify(src/target_model_pkg/urdf) by extension 'ignore_ament_install'
[0.714s] Level 1:colcon.colcon_core.package_identification:_identify(src/target_model_pkg/urdf) by extensions ['colcon_pkg']
[0.714s] Level 1:colcon.colcon_core.package_identification:_identify(src/target_model_pkg/urdf) by extension 'colcon_pkg'
[0.714s] Level 1:colcon.colcon_core.package_identification:_identify(src/target_model_pkg/urdf) by extensions ['colcon_meta']
[0.714s] Level 1:colcon.colcon_core.package_identification:_identify(src/target_model_pkg/urdf) by extension 'colcon_meta'
[0.714s] Level 1:colcon.colcon_core.package_identification:_identify(src/target_model_pkg/urdf) by extensions ['ros']
[0.714s] Level 1:colcon.colcon_core.package_identification:_identify(src/target_model_pkg/urdf) by extension 'ros'
[0.715s] Level 1:colcon.colcon_core.package_identification:_identify(src/target_model_pkg/urdf) by extensions ['cmake', 'python']
[0.715s] Level 1:colcon.colcon_core.package_identification:_identify(src/target_model_pkg/urdf) by extension 'cmake'
[0.715s] Level 1:colcon.colcon_core.package_identification:_identify(src/target_model_pkg/urdf) by extension 'python'
[0.715s] Level 1:colcon.colcon_core.package_identification:_identify(src/target_model_pkg/urdf) by extensions ['python_setup_py']
[0.715s] Level 1:colcon.colcon_core.package_identification:_identify(src/target_model_pkg/urdf) by extension 'python_setup_py'
[0.715s] Level 1:colcon.colcon_core.package_identification:_identify(src/target_model_pkg/urdf/armor) by extensions ['ignore', 'ignore_ament_install']
[0.715s] Level 1:colcon.colcon_core.package_identification:_identify(src/target_model_pkg/urdf/armor) by extension 'ignore'
[0.715s] Level 1:colcon.colcon_core.package_identification:_identify(src/target_model_pkg/urdf/armor) by extension 'ignore_ament_install'
[0.715s] Level 1:colcon.colcon_core.package_identification:_identify(src/target_model_pkg/urdf/armor) by extensions ['colcon_pkg']
[0.715s] Level 1:colcon.colcon_core.package_identification:_identify(src/target_model_pkg/urdf/armor) by extension 'colcon_pkg'
[0.715s] Level 1:colcon.colcon_core.package_identification:_identify(src/target_model_pkg/urdf/armor) by extensions ['colcon_meta']
[0.715s] Level 1:colcon.colcon_core.package_identification:_identify(src/target_model_pkg/urdf/armor) by extension 'colcon_meta'
[0.715s] Level 1:colcon.colcon_core.package_identification:_identify(src/target_model_pkg/urdf/armor) by extensions ['ros']
[0.715s] Level 1:colcon.colcon_core.package_identification:_identify(src/target_model_pkg/urdf/armor) by extension 'ros'
[0.715s] Level 1:colcon.colcon_core.package_identification:_identify(src/target_model_pkg/urdf/armor) by extensions ['cmake', 'python']
[0.715s] Level 1:colcon.colcon_core.package_identification:_identify(src/target_model_pkg/urdf/armor) by extension 'cmake'
[0.715s] Level 1:colcon.colcon_core.package_identification:_identify(src/target_model_pkg/urdf/armor) by extension 'python'
[0.715s] Level 1:colcon.colcon_core.package_identification:_identify(src/target_model_pkg/urdf/armor) by extensions ['python_setup_py']
[0.715s] Level 1:colcon.colcon_core.package_identification:_identify(src/target_model_pkg/urdf/armor) by extension 'python_setup_py'
[0.715s] Level 1:colcon.colcon_core.package_identification:_identify(src/target_model_pkg/urdf/armor/meshes) by extensions ['ignore', 'ignore_ament_install']
[0.716s] Level 1:colcon.colcon_core.package_identification:_identify(src/target_model_pkg/urdf/armor/meshes) by extension 'ignore'
[0.716s] Level 1:colcon.colcon_core.package_identification:_identify(src/target_model_pkg/urdf/armor/meshes) by extension 'ignore_ament_install'
[0.716s] Level 1:colcon.colcon_core.package_identification:_identify(src/target_model_pkg/urdf/armor/meshes) by extensions ['colcon_pkg']
[0.716s] Level 1:colcon.colcon_core.package_identification:_identify(src/target_model_pkg/urdf/armor/meshes) by extension 'colcon_pkg'
[0.716s] Level 1:colcon.colcon_core.package_identification:_identify(src/target_model_pkg/urdf/armor/meshes) by extensions ['colcon_meta']
[0.716s] Level 1:colcon.colcon_core.package_identification:_identify(src/target_model_pkg/urdf/armor/meshes) by extension 'colcon_meta'
[0.716s] Level 1:colcon.colcon_core.package_identification:_identify(src/target_model_pkg/urdf/armor/meshes) by extensions ['ros']
[0.716s] Level 1:colcon.colcon_core.package_identification:_identify(src/target_model_pkg/urdf/armor/meshes) by extension 'ros'
[0.716s] Level 1:colcon.colcon_core.package_identification:_identify(src/target_model_pkg/urdf/armor/meshes) by extensions ['cmake', 'python']
[0.716s] Level 1:colcon.colcon_core.package_identification:_identify(src/target_model_pkg/urdf/armor/meshes) by extension 'cmake'
[0.718s] Level 1:colcon.colcon_core.package_identification:_identify(src/target_model_pkg/urdf/armor/meshes) by extension 'python'
[0.718s] Level 1:colcon.colcon_core.package_identification:_identify(src/target_model_pkg/urdf/armor/meshes) by extensions ['python_setup_py']
[0.718s] Level 1:colcon.colcon_core.package_identification:_identify(src/target_model_pkg/urdf/armor/meshes) by extension 'python_setup_py'
[0.718s] Level 1:colcon.colcon_core.package_identification:_identify(src/target_model_pkg/urdf/armor/textures) by extensions ['ignore', 'ignore_ament_install']
[0.718s] Level 1:colcon.colcon_core.package_identification:_identify(src/target_model_pkg/urdf/armor/textures) by extension 'ignore'
[0.718s] Level 1:colcon.colcon_core.package_identification:_identify(src/target_model_pkg/urdf/armor/textures) by extension 'ignore_ament_install'
[0.718s] Level 1:colcon.colcon_core.package_identification:_identify(src/target_model_pkg/urdf/armor/textures) by extensions ['colcon_pkg']
[0.718s] Level 1:colcon.colcon_core.package_identification:_identify(src/target_model_pkg/urdf/armor/textures) by extension 'colcon_pkg'
[0.718s] Level 1:colcon.colcon_core.package_identification:_identify(src/target_model_pkg/urdf/armor/textures) by extensions ['colcon_meta']
[0.718s] Level 1:colcon.colcon_core.package_identification:_identify(src/target_model_pkg/urdf/armor/textures) by extension 'colcon_meta'
[0.718s] Level 1:colcon.colcon_core.package_identification:_identify(src/target_model_pkg/urdf/armor/textures) by extensions ['ros']
[0.718s] Level 1:colcon.colcon_core.package_identification:_identify(src/target_model_pkg/urdf/armor/textures) by extension 'ros'
[0.719s] Level 1:colcon.colcon_core.package_identification:_identify(src/target_model_pkg/urdf/armor/textures) by extensions ['cmake', 'python']
[0.719s] Level 1:colcon.colcon_core.package_identification:_identify(src/target_model_pkg/urdf/armor/textures) by extension 'cmake'
[0.719s] Level 1:colcon.colcon_core.package_identification:_identify(src/target_model_pkg/urdf/armor/textures) by extension 'python'
[0.719s] Level 1:colcon.colcon_core.package_identification:_identify(src/target_model_pkg/urdf/armor/textures) by extensions ['python_setup_py']
[0.719s] Level 1:colcon.colcon_core.package_identification:_identify(src/target_model_pkg/urdf/armor/textures) by extension 'python_setup_py'
[0.719s] Level 1:colcon.colcon_core.package_identification:_identify(src/target_model_pkg/urdf/rectangle) by extensions ['ignore', 'ignore_ament_install']
[0.719s] Level 1:colcon.colcon_core.package_identification:_identify(src/target_model_pkg/urdf/rectangle) by extension 'ignore'
[0.719s] Level 1:colcon.colcon_core.package_identification:_identify(src/target_model_pkg/urdf/rectangle) by extension 'ignore_ament_install'
[0.719s] Level 1:colcon.colcon_core.package_identification:_identify(src/target_model_pkg/urdf/rectangle) by extensions ['colcon_pkg']
[0.719s] Level 1:colcon.colcon_core.package_identification:_identify(src/target_model_pkg/urdf/rectangle) by extension 'colcon_pkg'
[0.719s] Level 1:colcon.colcon_core.package_identification:_identify(src/target_model_pkg/urdf/rectangle) by extensions ['colcon_meta']
[0.719s] Level 1:colcon.colcon_core.package_identification:_identify(src/target_model_pkg/urdf/rectangle) by extension 'colcon_meta'
[0.719s] Level 1:colcon.colcon_core.package_identification:_identify(src/target_model_pkg/urdf/rectangle) by extensions ['ros']
[0.719s] Level 1:colcon.colcon_core.package_identification:_identify(src/target_model_pkg/urdf/rectangle) by extension 'ros'
[0.719s] Level 1:colcon.colcon_core.package_identification:_identify(src/target_model_pkg/urdf/rectangle) by extensions ['cmake', 'python']
[0.719s] Level 1:colcon.colcon_core.package_identification:_identify(src/target_model_pkg/urdf/rectangle) by extension 'cmake'
[0.719s] Level 1:colcon.colcon_core.package_identification:_identify(src/target_model_pkg/urdf/rectangle) by extension 'python'
[0.719s] Level 1:colcon.colcon_core.package_identification:_identify(src/target_model_pkg/urdf/rectangle) by extensions ['python_setup_py']
[0.719s] Level 1:colcon.colcon_core.package_identification:_identify(src/target_model_pkg/urdf/rectangle) by extension 'python_setup_py'
[0.719s] Level 1:colcon.colcon_core.package_identification:_identify(src/target_model_pkg/urdf/sphere) by extensions ['ignore', 'ignore_ament_install']
[0.719s] Level 1:colcon.colcon_core.package_identification:_identify(src/target_model_pkg/urdf/sphere) by extension 'ignore'
[0.720s] Level 1:colcon.colcon_core.package_identification:_identify(src/target_model_pkg/urdf/sphere) by extension 'ignore_ament_install'
[0.720s] Level 1:colcon.colcon_core.package_identification:_identify(src/target_model_pkg/urdf/sphere) by extensions ['colcon_pkg']
[0.720s] Level 1:colcon.colcon_core.package_identification:_identify(src/target_model_pkg/urdf/sphere) by extension 'colcon_pkg'
[0.720s] Level 1:colcon.colcon_core.package_identification:_identify(src/target_model_pkg/urdf/sphere) by extensions ['colcon_meta']
[0.720s] Level 1:colcon.colcon_core.package_identification:_identify(src/target_model_pkg/urdf/sphere) by extension 'colcon_meta'
[0.720s] Level 1:colcon.colcon_core.package_identification:_identify(src/target_model_pkg/urdf/sphere) by extensions ['ros']
[0.720s] Level 1:colcon.colcon_core.package_identification:_identify(src/target_model_pkg/urdf/sphere) by extension 'ros'
[0.720s] Level 1:colcon.colcon_core.package_identification:_identify(src/target_model_pkg/urdf/sphere) by extensions ['cmake', 'python']
[0.720s] Level 1:colcon.colcon_core.package_identification:_identify(src/target_model_pkg/urdf/sphere) by extension 'cmake'
[0.720s] Level 1:colcon.colcon_core.package_identification:_identify(src/target_model_pkg/urdf/sphere) by extension 'python'
[0.720s] Level 1:colcon.colcon_core.package_identification:_identify(src/target_model_pkg/urdf/sphere) by extensions ['python_setup_py']
[0.720s] Level 1:colcon.colcon_core.package_identification:_identify(src/target_model_pkg/urdf/sphere) by extension 'python_setup_py'
[0.720s] Level 1:colcon.colcon_core.package_discovery:discover_packages(recursive) using defaults
[0.720s] Level 1:colcon.colcon_core.package_discovery:discover_packages(ignore) discover
[0.720s] Level 1:colcon.colcon_core.package_discovery:discover_packages(ignore) using defaults
[0.720s] Level 1:colcon.colcon_core.package_discovery:discover_packages(path) discover
[0.720s] Level 1:colcon.colcon_core.package_discovery:discover_packages(path) using defaults
[0.761s] Level 1:colcon.colcon_core.package_discovery:discover_packages(prefix_path) check parameters
[0.761s] Level 1:colcon.colcon_core.package_discovery:discover_packages(prefix_path) discover
[0.767s] DEBUG:colcon.colcon_installed_package_information.package_discovery:Found 12 installed packages in /home/carrot/Vision_Arena_2025/install
[0.771s] DEBUG:colcon.colcon_installed_package_information.package_discovery:Found 280 installed packages in /opt/ros/humble
[0.776s] Level 1:colcon.colcon_core.package_discovery:discover_packages(prefix_path) using defaults
[1.007s] Level 5:colcon.colcon_core.verb:set package 'player_pkg' build argument 'cmake_args' from command line to 'None'
[1.007s] Level 5:colcon.colcon_core.verb:set package 'player_pkg' build argument 'cmake_target' from command line to 'None'
[1.007s] Level 5:colcon.colcon_core.verb:set package 'player_pkg' build argument 'cmake_target_skip_unavailable' from command line to 'False'
[1.007s] Level 5:colcon.colcon_core.verb:set package 'player_pkg' build argument 'cmake_clean_cache' from command line to 'False'
[1.007s] Level 5:colcon.colcon_core.verb:set package 'player_pkg' build argument 'cmake_clean_first' from command line to 'False'
[1.008s] Level 5:colcon.colcon_core.verb:set package 'player_pkg' build argument 'cmake_force_configure' from command line to 'False'
[1.008s] Level 5:colcon.colcon_core.verb:set package 'player_pkg' build argument 'ament_cmake_args' from command line to 'None'
[1.008s] Level 5:colcon.colcon_core.verb:set package 'player_pkg' build argument 'catkin_cmake_args' from command line to 'None'
[1.008s] Level 5:colcon.colcon_core.verb:set package 'player_pkg' build argument 'catkin_skip_building_tests' from command line to 'False'
[1.008s] DEBUG:colcon.colcon_core.verb:Building package 'player_pkg' with the following arguments: {'ament_cmake_args': None, 'build_base': '/home/carrot/Vision_Arena_2025/build/player_pkg', 'catkin_cmake_args': None, 'catkin_skip_building_tests': False, 'cmake_args': None, 'cmake_clean_cache': False, 'cmake_clean_first': False, 'cmake_force_configure': False, 'cmake_target': None, 'cmake_target_skip_unavailable': False, 'install_base': '/home/carrot/Vision_Arena_2025/install/player_pkg', 'merge_install': False, 'path': '/home/carrot/Vision_Arena_2025/src/player_pkg', 'symlink_install': False, 'test_result_base': None}
[1.008s] INFO:colcon.colcon_core.executor:Executing jobs using 'parallel' executor
[1.009s] DEBUG:colcon.colcon_parallel_executor.executor.parallel:run_until_complete
[1.010s] INFO:colcon.colcon_ros.task.ament_cmake.build:Building ROS package in '/home/carrot/Vision_Arena_2025/src/player_pkg' with build type 'ament_cmake'
[1.010s] INFO:colcon.colcon_cmake.task.cmake.build:Building CMake package in '/home/carrot/Vision_Arena_2025/src/player_pkg'
[1.018s] INFO:colcon.colcon_core.plugin_system:Skipping extension 'colcon_core.shell.bat': Not used on non-Windows systems
[1.018s] INFO:colcon.colcon_core.shell:Skip shell extension 'powershell' for command environment: Not usable outside of PowerShell
[1.018s] DEBUG:colcon.colcon_core.shell:Skip shell extension 'dsv' for command environment
[1.033s] DEBUG:colcon.colcon_core.event_handler.log_command:Invoking command in '/home/carrot/Vision_Arena_2025/build/player_pkg': CMAKE_PREFIX_PATH=${CMAKE_PREFIX_PATH}:/opt/ros/humble /usr/bin/cmake --build /home/carrot/Vision_Arena_2025/build/player_pkg -- -j2 -l2
[23.474s] DEBUG:colcon.colcon_core.event_handler.log_command:Invoked command in '/home/carrot/Vision_Arena_2025/build/player_pkg' returned '2': CMAKE_PREFIX_PATH=${CMAKE_PREFIX_PATH}:/opt/ros/humble /usr/bin/cmake --build /home/carrot/Vision_Arena_2025/build/player_pkg -- -j2 -l2
[23.578s] Level 1:colcon.colcon_core.environment:create_environment_scripts_only(player_pkg)
[23.712s] Level 1:colcon.colcon_core.environment:checking '/home/carrot/Vision_Arena_2025/install/player_pkg' for CMake module files
[23.719s] Level 1:colcon.colcon_core.environment:checking '/home/carrot/Vision_Arena_2025/install/player_pkg' for CMake config files
[23.723s] Level 1:colcon.colcon_core.shell:create_environment_hook('player_pkg', 'cmake_prefix_path')
[23.727s] INFO:colcon.colcon_core.shell:Creating environment hook '/home/carrot/Vision_Arena_2025/install/player_pkg/share/player_pkg/hook/cmake_prefix_path.ps1'
[23.759s] INFO:colcon.colcon_core.shell:Creating environment descriptor '/home/carrot/Vision_Arena_2025/install/player_pkg/share/player_pkg/hook/cmake_prefix_path.dsv'
[23.760s] INFO:colcon.colcon_core.shell:Creating environment hook '/home/carrot/Vision_Arena_2025/install/player_pkg/share/player_pkg/hook/cmake_prefix_path.sh'
[23.770s] Level 1:colcon.colcon_core.environment:checking '/home/carrot/Vision_Arena_2025/install/player_pkg/lib'
[23.770s] Level 1:colcon.colcon_core.environment:checking '/home/carrot/Vision_Arena_2025/install/player_pkg/bin'
[23.773s] Level 1:colcon.colcon_core.environment:checking '/home/carrot/Vision_Arena_2025/install/player_pkg/lib/pkgconfig/player_pkg.pc'
[23.780s] Level 1:colcon.colcon_core.environment:checking '/home/carrot/Vision_Arena_2025/install/player_pkg/lib/python3.10/site-packages'
[23.780s] Level 1:colcon.colcon_core.environment:checking '/home/carrot/Vision_Arena_2025/install/player_pkg/bin'
[23.783s] INFO:colcon.colcon_core.shell:Creating package script '/home/carrot/Vision_Arena_2025/install/player_pkg/share/player_pkg/package.ps1'
[23.790s] INFO:colcon.colcon_core.shell:Creating package descriptor '/home/carrot/Vision_Arena_2025/install/player_pkg/share/player_pkg/package.dsv'
[23.792s] INFO:colcon.colcon_core.shell:Creating package script '/home/carrot/Vision_Arena_2025/install/player_pkg/share/player_pkg/package.sh'
[23.793s] INFO:colcon.colcon_core.shell:Creating package script '/home/carrot/Vision_Arena_2025/install/player_pkg/share/player_pkg/package.bash'
[23.799s] INFO:colcon.colcon_core.shell:Creating package script '/home/carrot/Vision_Arena_2025/install/player_pkg/share/player_pkg/package.zsh'
[23.808s] Level 1:colcon.colcon_core.environment:create_file_with_runtime_dependencies(/home/carrot/Vision_Arena_2025/install/player_pkg/share/colcon-core/packages/player_pkg)
[23.843s] DEBUG:colcon.colcon_parallel_executor.executor.parallel:closing loop
[23.848s] DEBUG:colcon.colcon_parallel_executor.executor.parallel:loop closed
[23.851s] DEBUG:colcon.colcon_parallel_executor.executor.parallel:run_until_complete finished with '2'
[23.851s] DEBUG:colcon.colcon_core.event_reactor:joining thread
[23.941s] INFO:colcon.colcon_core.plugin_system:Skipping extension 'colcon_notification.desktop_notification.terminal_notifier': Not used on non-Darwin systems
[23.942s] INFO:colcon.colcon_core.plugin_system:Skipping extension 'colcon_notification.desktop_notification.win32': Not used on non-Windows systems
[23.942s] INFO:colcon.colcon_notification.desktop_notification:Sending desktop notification using 'notify2'
[24.795s] DEBUG:colcon.colcon_core.event_reactor:joined thread
[24.805s] INFO:colcon.colcon_core.shell:Creating prefix script '/home/carrot/Vision_Arena_2025/install/local_setup.ps1'
[24.809s] INFO:colcon.colcon_core.shell:Creating prefix util module '/home/carrot/Vision_Arena_2025/install/_local_setup_util_ps1.py'
[24.816s] INFO:colcon.colcon_core.shell:Creating prefix chain script '/home/carrot/Vision_Arena_2025/install/setup.ps1'
[24.831s] INFO:colcon.colcon_core.shell:Creating prefix script '/home/carrot/Vision_Arena_2025/install/local_setup.sh'
[24.838s] INFO:colcon.colcon_core.shell:Creating prefix util module '/home/carrot/Vision_Arena_2025/install/_local_setup_util_sh.py'
[24.842s] INFO:colcon.colcon_core.shell:Creating prefix chain script '/home/carrot/Vision_Arena_2025/install/setup.sh'
[24.848s] INFO:colcon.colcon_core.shell:Creating prefix script '/home/carrot/Vision_Arena_2025/install/local_setup.bash'
[24.850s] INFO:colcon.colcon_core.shell:Creating prefix chain script '/home/carrot/Vision_Arena_2025/install/setup.bash'
[24.858s] INFO:colcon.colcon_core.shell:Creating prefix script '/home/carrot/Vision_Arena_2025/install/local_setup.zsh'
[24.859s] INFO:colcon.colcon_core.shell:Creating prefix chain script '/home/carrot/Vision_Arena_2025/install/setup.zsh'
