[35m[1mConsolidate compiler generated dependencies of target TestNode[0m
[ 50%] [32mBuilding CXX object CMakeFiles/TestNode.dir/src/test.cpp.o[0m
[01m[K/home/carrot/Vision_Arena_2025/src/player_pkg/src/test.cpp:123:1:[m[K [01;31m[Kerror: [m[Kexpected unqualified-id before ‘[01m[Kprivate[m[K’
  123 | [01;31m[Kprivate[m[K:
      | [01;31m[K^~~~~~~[m[K
[01m[K/home/carrot/Vision_Arena_2025/src/player_pkg/src/test.cpp:[m[K In member function ‘[01m[Kvoid TestNode::detectSpheres(const cv::Mat&, cv::Mat&)[m[K’:
[01m[K/home/carrot/Vision_Arena_2025/src/player_pkg/src/test.cpp:173:9:[m[K [01;31m[Kerror: [m[K‘[01m[Kdetected_objects_[m[K’ was not declared in this scope; did you mean ‘[01m[KDetectedObject[m[K’?
  173 |         [01;31m[Kdetected_objects_[m[K.push_back(sphere_obj);
      |         [01;31m[K^~~~~~~~~~~~~~~~~[m[K
      |         [32m[KDetectedObject[m[K
[01m[K/home/carrot/Vision_Arena_2025/src/player_pkg/src/test.cpp:[m[K In member function ‘[01m[Kvoid TestNode::detectGreenRectangles(const cv::Mat&, cv::Mat&)[m[K’:
[01m[K/home/carrot/Vision_Arena_2025/src/player_pkg/src/test.cpp:260:33:[m[K [01;31m[Kerror: [m[K‘[01m[Ksphere_points[m[K’ was not declared in this scope
  260 |         rectangle_obj.corners = [01;31m[Ksphere_points[m[K;
      |                                 [01;31m[K^~~~~~~~~~~~~[m[K
[01m[K/home/carrot/Vision_Arena_2025/src/player_pkg/src/test.cpp:263:9:[m[K [01;31m[Kerror: [m[K‘[01m[Kdetected_objects_[m[K’ was not declared in this scope; did you mean ‘[01m[KDetectedObject[m[K’?
  263 |         [01;31m[Kdetected_objects_[m[K.push_back(rectangle_obj);
      |         [01;31m[K^~~~~~~~~~~~~~~~~[m[K
      |         [32m[KDetectedObject[m[K
[01m[K/home/carrot/Vision_Arena_2025/src/player_pkg/src/test.cpp:[m[K In member function ‘[01m[Kvoid TestNode::callback_camera(sensor_msgs::msg::Image_<std::allocator<void> >::SharedPtr)[m[K’:
[01m[K/home/carrot/Vision_Arena_2025/src/player_pkg/src/test.cpp:425:30:[m[K [01;31m[Kerror: [m[K‘[01m[Kall_targets[m[K’ was not declared in this scope
  425 |     msg_object.num_objects = [01;31m[Kall_targets[m[K.size();
      |                              [01;31m[K^~~~~~~~~~~[m[K
gmake[2]: *** [CMakeFiles/TestNode.dir/build.make:76：CMakeFiles/TestNode.dir/src/test.cpp.o] 错误 1
gmake[1]: *** [CMakeFiles/Makefile2:137：CMakeFiles/TestNode.dir/all] 错误 2
gmake: *** [Makefile:146：all] 错误 2
