[0.056s] Invoking command in '/home/carrot/Vision_Arena_2025/build/player_pkg': CMAKE_PREFIX_PATH=/opt/ros/humble /usr/bin/cmake --build /home/carrot/Vision_Arena_2025/build/player_pkg -- -j2 -l2
[0.189s] -- Found ament_cmake: 1.3.12 (/opt/ros/humble/share/ament_cmake/cmake)
[0.476s] -- Found rclcpp: 16.0.15 (/opt/ros/humble/share/rclcpp/cmake)
[0.581s] -- Found rosidl_generator_c: 3.1.7 (/opt/ros/humble/share/rosidl_generator_c/cmake)
[0.584s] -- Found rosidl_adapter: 3.1.7 (/opt/ros/humble/share/rosidl_adapter/cmake)
[0.596s] -- Found rosidl_generator_cpp: 3.1.7 (/opt/ros/humble/share/rosidl_generator_cpp/cmake)
[0.611s] -- Using all available rosidl_typesupport_c: rosidl_typesupport_fastrtps_c;rosidl_typesupport_introspection_c
[0.638s] -- Using all available rosidl_typesupport_cpp: rosidl_typesupport_fastrtps_cpp;rosidl_typesupport_introspection_cpp
[0.740s] -- Found rmw_implementation_cmake: 6.1.2 (/opt/ros/humble/share/rmw_implementation_cmake/cmake)
[0.749s] -- Found rmw_fastrtps_cpp: 6.2.9 (/opt/ros/humble/share/rmw_fastrtps_cpp/cmake)
[1.120s] -- Using RMW implementation 'rmw_fastrtps_cpp' as default
[1.231s] -- Found gazebo_msgs: 3.9.0 (/opt/ros/humble/share/gazebo_msgs/cmake)
[1.381s] [31mCMake Error at CMakeLists.txt:14 (find_package):
[1.381s]   By not providing "Findpose_msg.cmake" in CMAKE_MODULE_PATH this project has
[1.381s]   asked CMake to find a package configuration file provided by "pose_msg",
[1.381s]   but CMake did not find one.
[1.381s] 
[1.381s]   Could not find a package configuration file provided by "pose_msg" with any
[1.381s]   of the following names:
[1.381s] 
[1.381s]     pose_msgConfig.cmake
[1.381s]     pose_msg-config.cmake
[1.381s] 
[1.381s]   Add the installation prefix of "pose_msg" to CMAKE_PREFIX_PATH or set
[1.381s]   "pose_msg_DIR" to a directory containing one of the above files.  If
[1.382s]   "pose_msg" provides a separate development package or SDK, be sure it has
[1.382s]   been installed.
[1.382s] 
[1.382s] [0m
[1.387s] -- Configuring incomplete, errors occurred!
[1.388s] See also "/home/carrot/Vision_Arena_2025/build/player_pkg/CMakeFiles/CMakeOutput.log".
[1.394s] gmake: *** [Makefile:267：cmake_check_build_system] 错误 1
[1.399s] Invoked command in '/home/carrot/Vision_Arena_2025/build/player_pkg' returned '2': CMAKE_PREFIX_PATH=/opt/ros/humble /usr/bin/cmake --build /home/carrot/Vision_Arena_2025/build/player_pkg -- -j2 -l2
