[0.290s] DEBUG:colcon:Command line arguments: ['/usr/bin/colcon', 'build']
[0.290s] DEBUG:colcon:Parsed command line arguments: Namespace(log_base=None, log_level=None, verb_name='build', build_base='build', install_base='install', merge_install=False, symlink_install=False, test_result_base=None, continue_on_error=False, executor='parallel', parallel_workers=2, event_handlers=None, ignore_user_meta=False, metas=['./colcon.meta'], base_paths=['.'], packages_ignore=None, packages_ignore_regex=None, paths=None, packages_up_to=None, packages_up_to_regex=None, packages_above=None, packages_above_and_dependencies=None, packages_above_depth=None, packages_select_by_dep=None, packages_skip_by_dep=None, packages_skip_up_to=None, packages_select_build_failed=False, packages_skip_build_finished=False, packages_select_test_failures=False, packages_skip_test_passed=False, packages_select=None, packages_skip=None, packages_select_regex=None, packages_skip_regex=None, packages_start=None, packages_end=None, allow_overriding=[], cmake_args=None, cmake_target=None, cmake_target_skip_unavailable=False, cmake_clean_cache=False, cmake_clean_first=False, cmake_force_configure=False, ament_cmake_args=None, catkin_cmake_args=None, catkin_skip_building_tests=False, verb_parser=<colcon_defaults.argument_parser.defaults.DefaultArgumentsDecorator object at 0x7771767a32b0>, verb_extension=<colcon_core.verb.build.BuildVerb object at 0x7771767a2ce0>, main=<bound method BuildVerb.main of <colcon_core.verb.build.BuildVerb object at 0x7771767a2ce0>>)
[0.538s] Level 1:colcon.colcon_core.package_discovery:discover_packages(colcon_meta) check parameters
[0.538s] Level 1:colcon.colcon_core.package_discovery:discover_packages(recursive) check parameters
[0.538s] Level 1:colcon.colcon_core.package_discovery:discover_packages(ignore) check parameters
[0.538s] Level 1:colcon.colcon_core.package_discovery:discover_packages(path) check parameters
[0.538s] Level 1:colcon.colcon_core.package_discovery:discover_packages(colcon_meta) discover
[0.538s] Level 1:colcon.colcon_core.package_discovery:discover_packages(recursive) discover
[0.538s] INFO:colcon.colcon_core.package_discovery:Crawling recursively for packages in '/home/carrot/Vision_Arena_2025'
[0.538s] Level 1:colcon.colcon_core.package_identification:_identify(.) by extensions ['ignore', 'ignore_ament_install']
[0.538s] Level 1:colcon.colcon_core.package_identification:_identify(.) by extension 'ignore'
[0.538s] Level 1:colcon.colcon_core.package_identification:_identify(.) by extension 'ignore_ament_install'
[0.538s] Level 1:colcon.colcon_core.package_identification:_identify(.) by extensions ['colcon_pkg']
[0.538s] Level 1:colcon.colcon_core.package_identification:_identify(.) by extension 'colcon_pkg'
[0.538s] Level 1:colcon.colcon_core.package_identification:_identify(.) by extensions ['colcon_meta']
[0.538s] Level 1:colcon.colcon_core.package_identification:_identify(.) by extension 'colcon_meta'
[0.538s] Level 1:colcon.colcon_core.package_identification:_identify(.) by extensions ['ros']
[0.538s] Level 1:colcon.colcon_core.package_identification:_identify(.) by extension 'ros'
[0.553s] Level 1:colcon.colcon_core.package_identification:_identify(.) by extensions ['cmake', 'python']
[0.553s] Level 1:colcon.colcon_core.package_identification:_identify(.) by extension 'cmake'
[0.553s] Level 1:colcon.colcon_core.package_identification:_identify(.) by extension 'python'
[0.553s] Level 1:colcon.colcon_core.package_identification:_identify(.) by extensions ['python_setup_py']
[0.553s] Level 1:colcon.colcon_core.package_identification:_identify(.) by extension 'python_setup_py'
[0.553s] Level 1:colcon.colcon_core.package_identification:_identify(build) by extensions ['ignore', 'ignore_ament_install']
[0.553s] Level 1:colcon.colcon_core.package_identification:_identify(build) by extension 'ignore'
[0.553s] Level 1:colcon.colcon_core.package_identification:_identify(build) ignored
[0.554s] Level 1:colcon.colcon_core.package_identification:_identify(doc) by extensions ['ignore', 'ignore_ament_install']
[0.554s] Level 1:colcon.colcon_core.package_identification:_identify(doc) by extension 'ignore'
[0.554s] Level 1:colcon.colcon_core.package_identification:_identify(doc) by extension 'ignore_ament_install'
[0.554s] Level 1:colcon.colcon_core.package_identification:_identify(doc) by extensions ['colcon_pkg']
[0.554s] Level 1:colcon.colcon_core.package_identification:_identify(doc) by extension 'colcon_pkg'
[0.554s] Level 1:colcon.colcon_core.package_identification:_identify(doc) by extensions ['colcon_meta']
[0.554s] Level 1:colcon.colcon_core.package_identification:_identify(doc) by extension 'colcon_meta'
[0.554s] Level 1:colcon.colcon_core.package_identification:_identify(doc) by extensions ['ros']
[0.554s] Level 1:colcon.colcon_core.package_identification:_identify(doc) by extension 'ros'
[0.554s] Level 1:colcon.colcon_core.package_identification:_identify(doc) by extensions ['cmake', 'python']
[0.554s] Level 1:colcon.colcon_core.package_identification:_identify(doc) by extension 'cmake'
[0.554s] Level 1:colcon.colcon_core.package_identification:_identify(doc) by extension 'python'
[0.554s] Level 1:colcon.colcon_core.package_identification:_identify(doc) by extensions ['python_setup_py']
[0.554s] Level 1:colcon.colcon_core.package_identification:_identify(doc) by extension 'python_setup_py'
[0.554s] Level 1:colcon.colcon_core.package_identification:_identify(install) by extensions ['ignore', 'ignore_ament_install']
[0.554s] Level 1:colcon.colcon_core.package_identification:_identify(install) by extension 'ignore'
[0.554s] Level 1:colcon.colcon_core.package_identification:_identify(install) ignored
[0.554s] Level 1:colcon.colcon_core.package_identification:_identify(log) by extensions ['ignore', 'ignore_ament_install']
[0.554s] Level 1:colcon.colcon_core.package_identification:_identify(log) by extension 'ignore'
[0.554s] Level 1:colcon.colcon_core.package_identification:_identify(log) ignored
[0.555s] Level 1:colcon.colcon_core.package_identification:_identify(resource) by extensions ['ignore', 'ignore_ament_install']
[0.555s] Level 1:colcon.colcon_core.package_identification:_identify(resource) by extension 'ignore'
[0.555s] Level 1:colcon.colcon_core.package_identification:_identify(resource) by extension 'ignore_ament_install'
[0.555s] Level 1:colcon.colcon_core.package_identification:_identify(resource) by extensions ['colcon_pkg']
[0.555s] Level 1:colcon.colcon_core.package_identification:_identify(resource) by extension 'colcon_pkg'
[0.555s] Level 1:colcon.colcon_core.package_identification:_identify(resource) by extensions ['colcon_meta']
[0.555s] Level 1:colcon.colcon_core.package_identification:_identify(resource) by extension 'colcon_meta'
[0.555s] Level 1:colcon.colcon_core.package_identification:_identify(resource) by extensions ['ros']
[0.555s] Level 1:colcon.colcon_core.package_identification:_identify(resource) by extension 'ros'
[0.555s] Level 1:colcon.colcon_core.package_identification:_identify(resource) by extensions ['cmake', 'python']
[0.555s] Level 1:colcon.colcon_core.package_identification:_identify(resource) by extension 'cmake'
[0.555s] Level 1:colcon.colcon_core.package_identification:_identify(resource) by extension 'python'
[0.555s] Level 1:colcon.colcon_core.package_identification:_identify(resource) by extensions ['python_setup_py']
[0.555s] Level 1:colcon.colcon_core.package_identification:_identify(resource) by extension 'python_setup_py'
[0.555s] Level 1:colcon.colcon_core.package_identification:_identify(results) by extensions ['ignore', 'ignore_ament_install']
[0.555s] Level 1:colcon.colcon_core.package_identification:_identify(results) by extension 'ignore'
[0.555s] Level 1:colcon.colcon_core.package_identification:_identify(results) by extension 'ignore_ament_install'
[0.555s] Level 1:colcon.colcon_core.package_identification:_identify(results) by extensions ['colcon_pkg']
[0.555s] Level 1:colcon.colcon_core.package_identification:_identify(results) by extension 'colcon_pkg'
[0.555s] Level 1:colcon.colcon_core.package_identification:_identify(results) by extensions ['colcon_meta']
[0.555s] Level 1:colcon.colcon_core.package_identification:_identify(results) by extension 'colcon_meta'
[0.555s] Level 1:colcon.colcon_core.package_identification:_identify(results) by extensions ['ros']
[0.555s] Level 1:colcon.colcon_core.package_identification:_identify(results) by extension 'ros'
[0.556s] Level 1:colcon.colcon_core.package_identification:_identify(results) by extensions ['cmake', 'python']
[0.556s] Level 1:colcon.colcon_core.package_identification:_identify(results) by extension 'cmake'
[0.556s] Level 1:colcon.colcon_core.package_identification:_identify(results) by extension 'python'
[0.556s] Level 1:colcon.colcon_core.package_identification:_identify(results) by extensions ['python_setup_py']
[0.556s] Level 1:colcon.colcon_core.package_identification:_identify(results) by extension 'python_setup_py'
[0.556s] Level 1:colcon.colcon_core.package_identification:_identify(src) by extensions ['ignore', 'ignore_ament_install']
[0.556s] Level 1:colcon.colcon_core.package_identification:_identify(src) by extension 'ignore'
[0.556s] Level 1:colcon.colcon_core.package_identification:_identify(src) by extension 'ignore_ament_install'
[0.556s] Level 1:colcon.colcon_core.package_identification:_identify(src) by extensions ['colcon_pkg']
[0.556s] Level 1:colcon.colcon_core.package_identification:_identify(src) by extension 'colcon_pkg'
[0.556s] Level 1:colcon.colcon_core.package_identification:_identify(src) by extensions ['colcon_meta']
[0.556s] Level 1:colcon.colcon_core.package_identification:_identify(src) by extension 'colcon_meta'
[0.556s] Level 1:colcon.colcon_core.package_identification:_identify(src) by extensions ['ros']
[0.556s] Level 1:colcon.colcon_core.package_identification:_identify(src) by extension 'ros'
[0.556s] Level 1:colcon.colcon_core.package_identification:_identify(src) by extensions ['cmake', 'python']
[0.556s] Level 1:colcon.colcon_core.package_identification:_identify(src) by extension 'cmake'
[0.556s] Level 1:colcon.colcon_core.package_identification:_identify(src) by extension 'python'
[0.556s] Level 1:colcon.colcon_core.package_identification:_identify(src) by extensions ['python_setup_py']
[0.556s] Level 1:colcon.colcon_core.package_identification:_identify(src) by extension 'python_setup_py'
[0.557s] Level 1:colcon.colcon_core.package_identification:_identify(src/player_pkg) by extensions ['ignore', 'ignore_ament_install']
[0.557s] Level 1:colcon.colcon_core.package_identification:_identify(src/player_pkg) by extension 'ignore'
[0.557s] Level 1:colcon.colcon_core.package_identification:_identify(src/player_pkg) by extension 'ignore_ament_install'
[0.557s] Level 1:colcon.colcon_core.package_identification:_identify(src/player_pkg) by extensions ['colcon_pkg']
[0.557s] Level 1:colcon.colcon_core.package_identification:_identify(src/player_pkg) by extension 'colcon_pkg'
[0.557s] Level 1:colcon.colcon_core.package_identification:_identify(src/player_pkg) by extensions ['colcon_meta']
[0.557s] Level 1:colcon.colcon_core.package_identification:_identify(src/player_pkg) by extension 'colcon_meta'
[0.557s] Level 1:colcon.colcon_core.package_identification:_identify(src/player_pkg) by extensions ['ros']
[0.557s] Level 1:colcon.colcon_core.package_identification:_identify(src/player_pkg) by extension 'ros'
[0.559s] DEBUG:colcon.colcon_core.package_identification:Package 'src/player_pkg' with type 'ros.ament_cmake' and name 'player_pkg'
[0.559s] Level 1:colcon.colcon_core.package_identification:_identify(src/target_model_pkg) by extensions ['ignore', 'ignore_ament_install']
[0.560s] Level 1:colcon.colcon_core.package_identification:_identify(src/target_model_pkg) by extension 'ignore'
[0.560s] Level 1:colcon.colcon_core.package_identification:_identify(src/target_model_pkg) by extension 'ignore_ament_install'
[0.560s] Level 1:colcon.colcon_core.package_identification:_identify(src/target_model_pkg) by extensions ['colcon_pkg']
[0.560s] Level 1:colcon.colcon_core.package_identification:_identify(src/target_model_pkg) by extension 'colcon_pkg'
[0.560s] Level 1:colcon.colcon_core.package_identification:_identify(src/target_model_pkg) by extensions ['colcon_meta']
[0.560s] Level 1:colcon.colcon_core.package_identification:_identify(src/target_model_pkg) by extension 'colcon_meta'
[0.560s] Level 1:colcon.colcon_core.package_identification:_identify(src/target_model_pkg) by extensions ['ros']
[0.560s] Level 1:colcon.colcon_core.package_identification:_identify(src/target_model_pkg) by extension 'ros'
[0.560s] Level 1:colcon.colcon_core.package_identification:_identify(src/target_model_pkg) by extensions ['cmake', 'python']
[0.560s] Level 1:colcon.colcon_core.package_identification:_identify(src/target_model_pkg) by extension 'cmake'
[0.560s] Level 1:colcon.colcon_core.package_identification:_identify(src/target_model_pkg) by extension 'python'
[0.560s] Level 1:colcon.colcon_core.package_identification:_identify(src/target_model_pkg) by extensions ['python_setup_py']
[0.560s] Level 1:colcon.colcon_core.package_identification:_identify(src/target_model_pkg) by extension 'python_setup_py'
[0.560s] Level 1:colcon.colcon_core.package_identification:_identify(src/target_model_pkg/urdf) by extensions ['ignore', 'ignore_ament_install']
[0.560s] Level 1:colcon.colcon_core.package_identification:_identify(src/target_model_pkg/urdf) by extension 'ignore'
[0.560s] Level 1:colcon.colcon_core.package_identification:_identify(src/target_model_pkg/urdf) by extension 'ignore_ament_install'
[0.560s] Level 1:colcon.colcon_core.package_identification:_identify(src/target_model_pkg/urdf) by extensions ['colcon_pkg']
[0.560s] Level 1:colcon.colcon_core.package_identification:_identify(src/target_model_pkg/urdf) by extension 'colcon_pkg'
[0.560s] Level 1:colcon.colcon_core.package_identification:_identify(src/target_model_pkg/urdf) by extensions ['colcon_meta']
[0.560s] Level 1:colcon.colcon_core.package_identification:_identify(src/target_model_pkg/urdf) by extension 'colcon_meta'
[0.560s] Level 1:colcon.colcon_core.package_identification:_identify(src/target_model_pkg/urdf) by extensions ['ros']
[0.560s] Level 1:colcon.colcon_core.package_identification:_identify(src/target_model_pkg/urdf) by extension 'ros'
[0.560s] Level 1:colcon.colcon_core.package_identification:_identify(src/target_model_pkg/urdf) by extensions ['cmake', 'python']
[0.560s] Level 1:colcon.colcon_core.package_identification:_identify(src/target_model_pkg/urdf) by extension 'cmake'
[0.560s] Level 1:colcon.colcon_core.package_identification:_identify(src/target_model_pkg/urdf) by extension 'python'
[0.560s] Level 1:colcon.colcon_core.package_identification:_identify(src/target_model_pkg/urdf) by extensions ['python_setup_py']
[0.560s] Level 1:colcon.colcon_core.package_identification:_identify(src/target_model_pkg/urdf) by extension 'python_setup_py'
[0.560s] Level 1:colcon.colcon_core.package_identification:_identify(src/target_model_pkg/urdf/armor) by extensions ['ignore', 'ignore_ament_install']
[0.560s] Level 1:colcon.colcon_core.package_identification:_identify(src/target_model_pkg/urdf/armor) by extension 'ignore'
[0.560s] Level 1:colcon.colcon_core.package_identification:_identify(src/target_model_pkg/urdf/armor) by extension 'ignore_ament_install'
[0.560s] Level 1:colcon.colcon_core.package_identification:_identify(src/target_model_pkg/urdf/armor) by extensions ['colcon_pkg']
[0.560s] Level 1:colcon.colcon_core.package_identification:_identify(src/target_model_pkg/urdf/armor) by extension 'colcon_pkg'
[0.560s] Level 1:colcon.colcon_core.package_identification:_identify(src/target_model_pkg/urdf/armor) by extensions ['colcon_meta']
[0.560s] Level 1:colcon.colcon_core.package_identification:_identify(src/target_model_pkg/urdf/armor) by extension 'colcon_meta'
[0.560s] Level 1:colcon.colcon_core.package_identification:_identify(src/target_model_pkg/urdf/armor) by extensions ['ros']
[0.560s] Level 1:colcon.colcon_core.package_identification:_identify(src/target_model_pkg/urdf/armor) by extension 'ros'
[0.560s] Level 1:colcon.colcon_core.package_identification:_identify(src/target_model_pkg/urdf/armor) by extensions ['cmake', 'python']
[0.560s] Level 1:colcon.colcon_core.package_identification:_identify(src/target_model_pkg/urdf/armor) by extension 'cmake'
[0.560s] Level 1:colcon.colcon_core.package_identification:_identify(src/target_model_pkg/urdf/armor) by extension 'python'
[0.561s] Level 1:colcon.colcon_core.package_identification:_identify(src/target_model_pkg/urdf/armor) by extensions ['python_setup_py']
[0.561s] Level 1:colcon.colcon_core.package_identification:_identify(src/target_model_pkg/urdf/armor) by extension 'python_setup_py'
[0.561s] Level 1:colcon.colcon_core.package_identification:_identify(src/target_model_pkg/urdf/armor/meshes) by extensions ['ignore', 'ignore_ament_install']
[0.561s] Level 1:colcon.colcon_core.package_identification:_identify(src/target_model_pkg/urdf/armor/meshes) by extension 'ignore'
[0.561s] Level 1:colcon.colcon_core.package_identification:_identify(src/target_model_pkg/urdf/armor/meshes) by extension 'ignore_ament_install'
[0.561s] Level 1:colcon.colcon_core.package_identification:_identify(src/target_model_pkg/urdf/armor/meshes) by extensions ['colcon_pkg']
[0.561s] Level 1:colcon.colcon_core.package_identification:_identify(src/target_model_pkg/urdf/armor/meshes) by extension 'colcon_pkg'
[0.561s] Level 1:colcon.colcon_core.package_identification:_identify(src/target_model_pkg/urdf/armor/meshes) by extensions ['colcon_meta']
[0.561s] Level 1:colcon.colcon_core.package_identification:_identify(src/target_model_pkg/urdf/armor/meshes) by extension 'colcon_meta'
[0.561s] Level 1:colcon.colcon_core.package_identification:_identify(src/target_model_pkg/urdf/armor/meshes) by extensions ['ros']
[0.561s] Level 1:colcon.colcon_core.package_identification:_identify(src/target_model_pkg/urdf/armor/meshes) by extension 'ros'
[0.561s] Level 1:colcon.colcon_core.package_identification:_identify(src/target_model_pkg/urdf/armor/meshes) by extensions ['cmake', 'python']
[0.561s] Level 1:colcon.colcon_core.package_identification:_identify(src/target_model_pkg/urdf/armor/meshes) by extension 'cmake'
[0.561s] Level 1:colcon.colcon_core.package_identification:_identify(src/target_model_pkg/urdf/armor/meshes) by extension 'python'
[0.561s] Level 1:colcon.colcon_core.package_identification:_identify(src/target_model_pkg/urdf/armor/meshes) by extensions ['python_setup_py']
[0.561s] Level 1:colcon.colcon_core.package_identification:_identify(src/target_model_pkg/urdf/armor/meshes) by extension 'python_setup_py'
[0.561s] Level 1:colcon.colcon_core.package_identification:_identify(src/target_model_pkg/urdf/armor/textures) by extensions ['ignore', 'ignore_ament_install']
[0.561s] Level 1:colcon.colcon_core.package_identification:_identify(src/target_model_pkg/urdf/armor/textures) by extension 'ignore'
[0.561s] Level 1:colcon.colcon_core.package_identification:_identify(src/target_model_pkg/urdf/armor/textures) by extension 'ignore_ament_install'
[0.561s] Level 1:colcon.colcon_core.package_identification:_identify(src/target_model_pkg/urdf/armor/textures) by extensions ['colcon_pkg']
[0.561s] Level 1:colcon.colcon_core.package_identification:_identify(src/target_model_pkg/urdf/armor/textures) by extension 'colcon_pkg'
[0.561s] Level 1:colcon.colcon_core.package_identification:_identify(src/target_model_pkg/urdf/armor/textures) by extensions ['colcon_meta']
[0.561s] Level 1:colcon.colcon_core.package_identification:_identify(src/target_model_pkg/urdf/armor/textures) by extension 'colcon_meta'
[0.561s] Level 1:colcon.colcon_core.package_identification:_identify(src/target_model_pkg/urdf/armor/textures) by extensions ['ros']
[0.561s] Level 1:colcon.colcon_core.package_identification:_identify(src/target_model_pkg/urdf/armor/textures) by extension 'ros'
[0.561s] Level 1:colcon.colcon_core.package_identification:_identify(src/target_model_pkg/urdf/armor/textures) by extensions ['cmake', 'python']
[0.561s] Level 1:colcon.colcon_core.package_identification:_identify(src/target_model_pkg/urdf/armor/textures) by extension 'cmake'
[0.561s] Level 1:colcon.colcon_core.package_identification:_identify(src/target_model_pkg/urdf/armor/textures) by extension 'python'
[0.561s] Level 1:colcon.colcon_core.package_identification:_identify(src/target_model_pkg/urdf/armor/textures) by extensions ['python_setup_py']
[0.561s] Level 1:colcon.colcon_core.package_identification:_identify(src/target_model_pkg/urdf/armor/textures) by extension 'python_setup_py'
[0.561s] Level 1:colcon.colcon_core.package_identification:_identify(src/target_model_pkg/urdf/rectangle) by extensions ['ignore', 'ignore_ament_install']
[0.562s] Level 1:colcon.colcon_core.package_identification:_identify(src/target_model_pkg/urdf/rectangle) by extension 'ignore'
[0.562s] Level 1:colcon.colcon_core.package_identification:_identify(src/target_model_pkg/urdf/rectangle) by extension 'ignore_ament_install'
[0.562s] Level 1:colcon.colcon_core.package_identification:_identify(src/target_model_pkg/urdf/rectangle) by extensions ['colcon_pkg']
[0.562s] Level 1:colcon.colcon_core.package_identification:_identify(src/target_model_pkg/urdf/rectangle) by extension 'colcon_pkg'
[0.562s] Level 1:colcon.colcon_core.package_identification:_identify(src/target_model_pkg/urdf/rectangle) by extensions ['colcon_meta']
[0.562s] Level 1:colcon.colcon_core.package_identification:_identify(src/target_model_pkg/urdf/rectangle) by extension 'colcon_meta'
[0.562s] Level 1:colcon.colcon_core.package_identification:_identify(src/target_model_pkg/urdf/rectangle) by extensions ['ros']
[0.562s] Level 1:colcon.colcon_core.package_identification:_identify(src/target_model_pkg/urdf/rectangle) by extension 'ros'
[0.562s] Level 1:colcon.colcon_core.package_identification:_identify(src/target_model_pkg/urdf/rectangle) by extensions ['cmake', 'python']
[0.562s] Level 1:colcon.colcon_core.package_identification:_identify(src/target_model_pkg/urdf/rectangle) by extension 'cmake'
[0.562s] Level 1:colcon.colcon_core.package_identification:_identify(src/target_model_pkg/urdf/rectangle) by extension 'python'
[0.562s] Level 1:colcon.colcon_core.package_identification:_identify(src/target_model_pkg/urdf/rectangle) by extensions ['python_setup_py']
[0.562s] Level 1:colcon.colcon_core.package_identification:_identify(src/target_model_pkg/urdf/rectangle) by extension 'python_setup_py'
[0.563s] Level 1:colcon.colcon_core.package_identification:_identify(src/target_model_pkg/urdf/sphere) by extensions ['ignore', 'ignore_ament_install']
[0.563s] Level 1:colcon.colcon_core.package_identification:_identify(src/target_model_pkg/urdf/sphere) by extension 'ignore'
[0.563s] Level 1:colcon.colcon_core.package_identification:_identify(src/target_model_pkg/urdf/sphere) by extension 'ignore_ament_install'
[0.563s] Level 1:colcon.colcon_core.package_identification:_identify(src/target_model_pkg/urdf/sphere) by extensions ['colcon_pkg']
[0.563s] Level 1:colcon.colcon_core.package_identification:_identify(src/target_model_pkg/urdf/sphere) by extension 'colcon_pkg'
[0.563s] Level 1:colcon.colcon_core.package_identification:_identify(src/target_model_pkg/urdf/sphere) by extensions ['colcon_meta']
[0.563s] Level 1:colcon.colcon_core.package_identification:_identify(src/target_model_pkg/urdf/sphere) by extension 'colcon_meta'
[0.563s] Level 1:colcon.colcon_core.package_identification:_identify(src/target_model_pkg/urdf/sphere) by extensions ['ros']
[0.563s] Level 1:colcon.colcon_core.package_identification:_identify(src/target_model_pkg/urdf/sphere) by extension 'ros'
[0.563s] Level 1:colcon.colcon_core.package_identification:_identify(src/target_model_pkg/urdf/sphere) by extensions ['cmake', 'python']
[0.563s] Level 1:colcon.colcon_core.package_identification:_identify(src/target_model_pkg/urdf/sphere) by extension 'cmake'
[0.563s] Level 1:colcon.colcon_core.package_identification:_identify(src/target_model_pkg/urdf/sphere) by extension 'python'
[0.563s] Level 1:colcon.colcon_core.package_identification:_identify(src/target_model_pkg/urdf/sphere) by extensions ['python_setup_py']
[0.563s] Level 1:colcon.colcon_core.package_identification:_identify(src/target_model_pkg/urdf/sphere) by extension 'python_setup_py'
[0.563s] Level 1:colcon.colcon_core.package_discovery:discover_packages(recursive) using defaults
[0.563s] Level 1:colcon.colcon_core.package_discovery:discover_packages(ignore) discover
[0.563s] Level 1:colcon.colcon_core.package_discovery:discover_packages(ignore) using defaults
[0.563s] Level 1:colcon.colcon_core.package_discovery:discover_packages(path) discover
[0.563s] Level 1:colcon.colcon_core.package_discovery:discover_packages(path) using defaults
[0.588s] Level 1:colcon.colcon_core.package_discovery:discover_packages(prefix_path) check parameters
[0.588s] Level 1:colcon.colcon_core.package_discovery:discover_packages(prefix_path) discover
[0.593s] DEBUG:colcon.colcon_installed_package_information.package_discovery:Found 12 installed packages in /home/carrot/Vision_Arena_2025/install
[0.594s] DEBUG:colcon.colcon_installed_package_information.package_discovery:Found 281 installed packages in /opt/ros/humble
[0.596s] Level 1:colcon.colcon_core.package_discovery:discover_packages(prefix_path) using defaults
[0.740s] Level 5:colcon.colcon_core.verb:set package 'player_pkg' build argument 'cmake_args' from command line to 'None'
[0.740s] Level 5:colcon.colcon_core.verb:set package 'player_pkg' build argument 'cmake_target' from command line to 'None'
[0.740s] Level 5:colcon.colcon_core.verb:set package 'player_pkg' build argument 'cmake_target_skip_unavailable' from command line to 'False'
[0.740s] Level 5:colcon.colcon_core.verb:set package 'player_pkg' build argument 'cmake_clean_cache' from command line to 'False'
[0.741s] Level 5:colcon.colcon_core.verb:set package 'player_pkg' build argument 'cmake_clean_first' from command line to 'False'
[0.741s] Level 5:colcon.colcon_core.verb:set package 'player_pkg' build argument 'cmake_force_configure' from command line to 'False'
[0.741s] Level 5:colcon.colcon_core.verb:set package 'player_pkg' build argument 'ament_cmake_args' from command line to 'None'
[0.741s] Level 5:colcon.colcon_core.verb:set package 'player_pkg' build argument 'catkin_cmake_args' from command line to 'None'
[0.741s] Level 5:colcon.colcon_core.verb:set package 'player_pkg' build argument 'catkin_skip_building_tests' from command line to 'False'
[0.741s] DEBUG:colcon.colcon_core.verb:Building package 'player_pkg' with the following arguments: {'ament_cmake_args': None, 'build_base': '/home/carrot/Vision_Arena_2025/build/player_pkg', 'catkin_cmake_args': None, 'catkin_skip_building_tests': False, 'cmake_args': None, 'cmake_clean_cache': False, 'cmake_clean_first': False, 'cmake_force_configure': False, 'cmake_target': None, 'cmake_target_skip_unavailable': False, 'install_base': '/home/carrot/Vision_Arena_2025/install/player_pkg', 'merge_install': False, 'path': '/home/carrot/Vision_Arena_2025/src/player_pkg', 'symlink_install': False, 'test_result_base': None}
[0.741s] INFO:colcon.colcon_core.executor:Executing jobs using 'parallel' executor
[0.742s] DEBUG:colcon.colcon_parallel_executor.executor.parallel:run_until_complete
[0.743s] INFO:colcon.colcon_ros.task.ament_cmake.build:Building ROS package in '/home/carrot/Vision_Arena_2025/src/player_pkg' with build type 'ament_cmake'
[0.743s] INFO:colcon.colcon_cmake.task.cmake.build:Building CMake package in '/home/carrot/Vision_Arena_2025/src/player_pkg'
[0.751s] INFO:colcon.colcon_core.plugin_system:Skipping extension 'colcon_core.shell.bat': Not used on non-Windows systems
[0.752s] INFO:colcon.colcon_core.shell:Skip shell extension 'powershell' for command environment: Not usable outside of PowerShell
[0.752s] DEBUG:colcon.colcon_core.shell:Skip shell extension 'dsv' for command environment
[0.780s] DEBUG:colcon.colcon_core.event_handler.log_command:Invoking command in '/home/carrot/Vision_Arena_2025/build/player_pkg': CMAKE_PREFIX_PATH=${CMAKE_PREFIX_PATH}:/opt/ros/humble /usr/bin/cmake --build /home/carrot/Vision_Arena_2025/build/player_pkg -- -j2 -l2
[17.112s] DEBUG:colcon.colcon_core.event_handler.log_command:Invoked command in '/home/carrot/Vision_Arena_2025/build/player_pkg' returned '0': CMAKE_PREFIX_PATH=${CMAKE_PREFIX_PATH}:/opt/ros/humble /usr/bin/cmake --build /home/carrot/Vision_Arena_2025/build/player_pkg -- -j2 -l2
[17.148s] DEBUG:colcon.colcon_core.event_handler.log_command:Invoking command in '/home/carrot/Vision_Arena_2025/build/player_pkg': CMAKE_PREFIX_PATH=${CMAKE_PREFIX_PATH}:/opt/ros/humble /usr/bin/cmake --install /home/carrot/Vision_Arena_2025/build/player_pkg
[17.179s] Level 1:colcon.colcon_core.environment:create_environment_scripts_only(player_pkg)
[17.180s] DEBUG:colcon.colcon_core.event_handler.log_command:Invoked command in '/home/carrot/Vision_Arena_2025/build/player_pkg' returned '0': CMAKE_PREFIX_PATH=${CMAKE_PREFIX_PATH}:/opt/ros/humble /usr/bin/cmake --install /home/carrot/Vision_Arena_2025/build/player_pkg
[17.185s] Level 1:colcon.colcon_core.environment:checking '/home/carrot/Vision_Arena_2025/install/player_pkg' for CMake module files
[17.186s] Level 1:colcon.colcon_core.environment:checking '/home/carrot/Vision_Arena_2025/install/player_pkg' for CMake config files
[17.186s] Level 1:colcon.colcon_core.shell:create_environment_hook('player_pkg', 'cmake_prefix_path')
[17.186s] INFO:colcon.colcon_core.shell:Creating environment hook '/home/carrot/Vision_Arena_2025/install/player_pkg/share/player_pkg/hook/cmake_prefix_path.ps1'
[17.187s] INFO:colcon.colcon_core.shell:Creating environment descriptor '/home/carrot/Vision_Arena_2025/install/player_pkg/share/player_pkg/hook/cmake_prefix_path.dsv'
[17.188s] INFO:colcon.colcon_core.shell:Creating environment hook '/home/carrot/Vision_Arena_2025/install/player_pkg/share/player_pkg/hook/cmake_prefix_path.sh'
[17.189s] Level 1:colcon.colcon_core.environment:checking '/home/carrot/Vision_Arena_2025/install/player_pkg/lib'
[17.190s] Level 1:colcon.colcon_core.environment:checking '/home/carrot/Vision_Arena_2025/install/player_pkg/bin'
[17.190s] Level 1:colcon.colcon_core.environment:checking '/home/carrot/Vision_Arena_2025/install/player_pkg/lib/pkgconfig/player_pkg.pc'
[17.190s] Level 1:colcon.colcon_core.environment:checking '/home/carrot/Vision_Arena_2025/install/player_pkg/lib/python3.10/site-packages'
[17.190s] Level 1:colcon.colcon_core.environment:checking '/home/carrot/Vision_Arena_2025/install/player_pkg/bin'
[17.190s] INFO:colcon.colcon_core.shell:Creating package script '/home/carrot/Vision_Arena_2025/install/player_pkg/share/player_pkg/package.ps1'
[17.191s] INFO:colcon.colcon_core.shell:Creating package descriptor '/home/carrot/Vision_Arena_2025/install/player_pkg/share/player_pkg/package.dsv'
[17.192s] INFO:colcon.colcon_core.shell:Creating package script '/home/carrot/Vision_Arena_2025/install/player_pkg/share/player_pkg/package.sh'
[17.193s] INFO:colcon.colcon_core.shell:Creating package script '/home/carrot/Vision_Arena_2025/install/player_pkg/share/player_pkg/package.bash'
[17.194s] INFO:colcon.colcon_core.shell:Creating package script '/home/carrot/Vision_Arena_2025/install/player_pkg/share/player_pkg/package.zsh'
[17.195s] Level 1:colcon.colcon_core.environment:create_file_with_runtime_dependencies(/home/carrot/Vision_Arena_2025/install/player_pkg/share/colcon-core/packages/player_pkg)
[17.195s] Level 1:colcon.colcon_core.environment:create_environment_scripts_only(player_pkg)
[17.196s] Level 1:colcon.colcon_core.environment:checking '/home/carrot/Vision_Arena_2025/install/player_pkg' for CMake module files
[17.196s] Level 1:colcon.colcon_core.environment:checking '/home/carrot/Vision_Arena_2025/install/player_pkg' for CMake config files
[17.196s] Level 1:colcon.colcon_core.shell:create_environment_hook('player_pkg', 'cmake_prefix_path')
[17.197s] INFO:colcon.colcon_core.shell:Creating environment hook '/home/carrot/Vision_Arena_2025/install/player_pkg/share/player_pkg/hook/cmake_prefix_path.ps1'
[17.198s] INFO:colcon.colcon_core.shell:Creating environment descriptor '/home/carrot/Vision_Arena_2025/install/player_pkg/share/player_pkg/hook/cmake_prefix_path.dsv'
[17.200s] INFO:colcon.colcon_core.shell:Creating environment hook '/home/carrot/Vision_Arena_2025/install/player_pkg/share/player_pkg/hook/cmake_prefix_path.sh'
[17.200s] Level 1:colcon.colcon_core.environment:checking '/home/carrot/Vision_Arena_2025/install/player_pkg/lib'
[17.200s] Level 1:colcon.colcon_core.environment:checking '/home/carrot/Vision_Arena_2025/install/player_pkg/bin'
[17.201s] Level 1:colcon.colcon_core.environment:checking '/home/carrot/Vision_Arena_2025/install/player_pkg/lib/pkgconfig/player_pkg.pc'
[17.201s] Level 1:colcon.colcon_core.environment:checking '/home/carrot/Vision_Arena_2025/install/player_pkg/lib/python3.10/site-packages'
[17.201s] Level 1:colcon.colcon_core.environment:checking '/home/carrot/Vision_Arena_2025/install/player_pkg/bin'
[17.201s] INFO:colcon.colcon_core.shell:Creating package script '/home/carrot/Vision_Arena_2025/install/player_pkg/share/player_pkg/package.ps1'
[17.202s] INFO:colcon.colcon_core.shell:Creating package descriptor '/home/carrot/Vision_Arena_2025/install/player_pkg/share/player_pkg/package.dsv'
[17.202s] INFO:colcon.colcon_core.shell:Creating package script '/home/carrot/Vision_Arena_2025/install/player_pkg/share/player_pkg/package.sh'
[17.203s] INFO:colcon.colcon_core.shell:Creating package script '/home/carrot/Vision_Arena_2025/install/player_pkg/share/player_pkg/package.bash'
[17.203s] INFO:colcon.colcon_core.shell:Creating package script '/home/carrot/Vision_Arena_2025/install/player_pkg/share/player_pkg/package.zsh'
[17.204s] Level 1:colcon.colcon_core.environment:create_file_with_runtime_dependencies(/home/carrot/Vision_Arena_2025/install/player_pkg/share/colcon-core/packages/player_pkg)
[17.204s] DEBUG:colcon.colcon_parallel_executor.executor.parallel:closing loop
[17.205s] DEBUG:colcon.colcon_parallel_executor.executor.parallel:loop closed
[17.205s] DEBUG:colcon.colcon_parallel_executor.executor.parallel:run_until_complete finished with '0'
[17.206s] DEBUG:colcon.colcon_core.event_reactor:joining thread
[17.228s] INFO:colcon.colcon_core.plugin_system:Skipping extension 'colcon_notification.desktop_notification.terminal_notifier': Not used on non-Darwin systems
[17.228s] INFO:colcon.colcon_core.plugin_system:Skipping extension 'colcon_notification.desktop_notification.win32': Not used on non-Windows systems
[17.228s] INFO:colcon.colcon_notification.desktop_notification:Sending desktop notification using 'notify2'
[17.310s] DEBUG:colcon.colcon_core.event_reactor:joined thread
[17.310s] INFO:colcon.colcon_core.shell:Creating prefix script '/home/carrot/Vision_Arena_2025/install/local_setup.ps1'
[17.315s] INFO:colcon.colcon_core.shell:Creating prefix util module '/home/carrot/Vision_Arena_2025/install/_local_setup_util_ps1.py'
[17.318s] INFO:colcon.colcon_core.shell:Creating prefix chain script '/home/carrot/Vision_Arena_2025/install/setup.ps1'
[17.324s] INFO:colcon.colcon_core.shell:Creating prefix script '/home/carrot/Vision_Arena_2025/install/local_setup.sh'
[17.325s] INFO:colcon.colcon_core.shell:Creating prefix util module '/home/carrot/Vision_Arena_2025/install/_local_setup_util_sh.py'
[17.326s] INFO:colcon.colcon_core.shell:Creating prefix chain script '/home/carrot/Vision_Arena_2025/install/setup.sh'
[17.328s] INFO:colcon.colcon_core.shell:Creating prefix script '/home/carrot/Vision_Arena_2025/install/local_setup.bash'
[17.331s] INFO:colcon.colcon_core.shell:Creating prefix chain script '/home/carrot/Vision_Arena_2025/install/setup.bash'
[17.333s] INFO:colcon.colcon_core.shell:Creating prefix script '/home/carrot/Vision_Arena_2025/install/local_setup.zsh'
[17.334s] INFO:colcon.colcon_core.shell:Creating prefix chain script '/home/carrot/Vision_Arena_2025/install/setup.zsh'
