[0.148s] Invoking command in '/home/carrot/Vision_Arena_2025/build/player_pkg': CMAKE_PREFIX_PATH=${CMAKE_PREFIX_PATH}:/opt/ros/humble /usr/bin/cmake --build /home/carrot/Vision_Arena_2025/build/player_pkg -- -j2 -l2
[0.867s] [35m[1mConsolidate compiler generated dependencies of target TestNode[0m
[0.902s] [ 50%] [32mBuilding CXX object CMakeFiles/TestNode.dir/src/test.cpp.o[0m
[34.273s] [100%] [32m[1mLinking CXX executable TestNode[0m
[35.371s] /usr/bin/ld: warning: libopencv_imgproc.so.4.5d, needed by /opt/ros/humble/lib/libcv_bridge.so, may conflict with libopencv_imgproc.so.413
[35.376s] /usr/bin/ld: warning: libopencv_core.so.4.5d, needed by /opt/ros/humble/lib/libcv_bridge.so, may conflict with libopencv_core.so.413
[37.046s] [100%] Built target TestNode
[37.280s] Invoked command in '/home/carrot/Vision_Arena_2025/build/player_pkg' returned '0': CMAKE_PREFIX_PATH=${CMAKE_PREFIX_PATH}:/opt/ros/humble /usr/bin/cmake --build /home/carrot/Vision_Arena_2025/build/player_pkg -- -j2 -l2
[37.418s] Invoking command in '/home/carrot/Vision_Arena_2025/build/player_pkg': CMAKE_PREFIX_PATH=${CMAKE_PREFIX_PATH}:/opt/ros/humble /usr/bin/cmake --install /home/carrot/Vision_Arena_2025/build/player_pkg
[37.453s] -- Install configuration: ""
[37.458s] -- Installing: /home/carrot/Vision_Arena_2025/install/player_pkg/lib/player_pkg/TestNode
[37.464s] -- Set runtime path of "/home/carrot/Vision_Arena_2025/install/player_pkg/lib/player_pkg/TestNode" to ""
[37.466s] -- Up-to-date: /home/carrot/Vision_Arena_2025/install/player_pkg/share/ament_index/resource_index/package_run_dependencies/player_pkg
[37.467s] -- Up-to-date: /home/carrot/Vision_Arena_2025/install/player_pkg/share/ament_index/resource_index/parent_prefix_path/player_pkg
[37.469s] -- Up-to-date: /home/carrot/Vision_Arena_2025/install/player_pkg/share/player_pkg/environment/ament_prefix_path.sh
[37.476s] -- Up-to-date: /home/carrot/Vision_Arena_2025/install/player_pkg/share/player_pkg/environment/ament_prefix_path.dsv
[37.476s] -- Up-to-date: /home/carrot/Vision_Arena_2025/install/player_pkg/share/player_pkg/environment/path.sh
[37.476s] -- Up-to-date: /home/carrot/Vision_Arena_2025/install/player_pkg/share/player_pkg/environment/path.dsv
[37.476s] -- Up-to-date: /home/carrot/Vision_Arena_2025/install/player_pkg/share/player_pkg/local_setup.bash
[37.476s] -- Up-to-date: /home/carrot/Vision_Arena_2025/install/player_pkg/share/player_pkg/local_setup.sh
[37.476s] -- Up-to-date: /home/carrot/Vision_Arena_2025/install/player_pkg/share/player_pkg/local_setup.zsh
[37.477s] -- Up-to-date: /home/carrot/Vision_Arena_2025/install/player_pkg/share/player_pkg/local_setup.dsv
[37.477s] -- Installing: /home/carrot/Vision_Arena_2025/install/player_pkg/share/player_pkg/package.dsv
[37.478s] -- Up-to-date: /home/carrot/Vision_Arena_2025/install/player_pkg/share/ament_index/resource_index/packages/player_pkg
[37.478s] -- Up-to-date: /home/carrot/Vision_Arena_2025/install/player_pkg/share/player_pkg/cmake/player_pkgConfig.cmake
[37.478s] -- Up-to-date: /home/carrot/Vision_Arena_2025/install/player_pkg/share/player_pkg/cmake/player_pkgConfig-version.cmake
[37.478s] -- Up-to-date: /home/carrot/Vision_Arena_2025/install/player_pkg/share/player_pkg/package.xml
[37.502s] Invoked command in '/home/carrot/Vision_Arena_2025/build/player_pkg' returned '0': CMAKE_PREFIX_PATH=${CMAKE_PREFIX_PATH}:/opt/ros/humble /usr/bin/cmake --install /home/carrot/Vision_Arena_2025/build/player_pkg
