[0.320s] DEBUG:colcon:Command line arguments: ['/usr/bin/colcon', 'build']
[0.320s] DEBUG:colcon:Parsed command line arguments: Namespace(log_base=None, log_level=None, verb_name='build', build_base='build', install_base='install', merge_install=False, symlink_install=False, test_result_base=None, continue_on_error=False, executor='parallel', parallel_workers=2, event_handlers=None, ignore_user_meta=False, metas=['./colcon.meta'], base_paths=['.'], packages_ignore=None, packages_ignore_regex=None, paths=None, packages_up_to=None, packages_up_to_regex=None, packages_above=None, packages_above_and_dependencies=None, packages_above_depth=None, packages_select_by_dep=None, packages_skip_by_dep=None, packages_skip_up_to=None, packages_select_build_failed=False, packages_skip_build_finished=False, packages_select_test_failures=False, packages_skip_test_passed=False, packages_select=None, packages_skip=None, packages_select_regex=None, packages_skip_regex=None, packages_start=None, packages_end=None, allow_overriding=[], cmake_args=None, cmake_target=None, cmake_target_skip_unavailable=False, cmake_clean_cache=False, cmake_clean_first=False, cmake_force_configure=False, ament_cmake_args=None, catkin_cmake_args=None, catkin_skip_building_tests=False, verb_parser=<colcon_defaults.argument_parser.defaults.DefaultArgumentsDecorator object at 0x791b3c937070>, verb_extension=<colcon_core.verb.build.BuildVerb object at 0x791b3c936aa0>, main=<bound method BuildVerb.main of <colcon_core.verb.build.BuildVerb object at 0x791b3c936aa0>>)
[1.136s] Level 1:colcon.colcon_core.package_discovery:discover_packages(colcon_meta) check parameters
[1.138s] Level 1:colcon.colcon_core.package_discovery:discover_packages(recursive) check parameters
[1.138s] Level 1:colcon.colcon_core.package_discovery:discover_packages(ignore) check parameters
[1.138s] Level 1:colcon.colcon_core.package_discovery:discover_packages(path) check parameters
[1.138s] Level 1:colcon.colcon_core.package_discovery:discover_packages(colcon_meta) discover
[1.138s] Level 1:colcon.colcon_core.package_discovery:discover_packages(recursive) discover
[1.138s] INFO:colcon.colcon_core.package_discovery:Crawling recursively for packages in '/home/carrot/robomaster/teamX_challenge'
[1.138s] Level 1:colcon.colcon_core.package_identification:_identify(.) by extensions ['ignore', 'ignore_ament_install']
[1.138s] Level 1:colcon.colcon_core.package_identification:_identify(.) by extension 'ignore'
[1.138s] Level 1:colcon.colcon_core.package_identification:_identify(.) by extension 'ignore_ament_install'
[1.138s] Level 1:colcon.colcon_core.package_identification:_identify(.) by extensions ['colcon_pkg']
[1.138s] Level 1:colcon.colcon_core.package_identification:_identify(.) by extension 'colcon_pkg'
[1.138s] Level 1:colcon.colcon_core.package_identification:_identify(.) by extensions ['colcon_meta']
[1.138s] Level 1:colcon.colcon_core.package_identification:_identify(.) by extension 'colcon_meta'
[1.138s] Level 1:colcon.colcon_core.package_identification:_identify(.) by extensions ['ros']
[1.138s] Level 1:colcon.colcon_core.package_identification:_identify(.) by extension 'ros'
[1.199s] DEBUG:colcon.colcon_core.package_identification:Package '.' with type 'ros.ament_cmake' and name 'player_pkg'
[1.199s] Level 1:colcon.colcon_core.package_discovery:discover_packages(recursive) using defaults
[1.199s] Level 1:colcon.colcon_core.package_discovery:discover_packages(ignore) discover
[1.199s] Level 1:colcon.colcon_core.package_discovery:discover_packages(ignore) using defaults
[1.199s] Level 1:colcon.colcon_core.package_discovery:discover_packages(path) discover
[1.201s] Level 1:colcon.colcon_core.package_discovery:discover_packages(path) using defaults
[1.325s] Level 1:colcon.colcon_core.package_discovery:discover_packages(prefix_path) check parameters
[1.325s] Level 1:colcon.colcon_core.package_discovery:discover_packages(prefix_path) discover
[1.350s] DEBUG:colcon.colcon_installed_package_information.package_discovery:Found 281 installed packages in /opt/ros/humble
[1.377s] Level 1:colcon.colcon_core.package_discovery:discover_packages(prefix_path) using defaults
[1.514s] Level 5:colcon.colcon_core.verb:set package 'player_pkg' build argument 'cmake_args' from command line to 'None'
[1.515s] Level 5:colcon.colcon_core.verb:set package 'player_pkg' build argument 'cmake_target' from command line to 'None'
[1.515s] Level 5:colcon.colcon_core.verb:set package 'player_pkg' build argument 'cmake_target_skip_unavailable' from command line to 'False'
[1.515s] Level 5:colcon.colcon_core.verb:set package 'player_pkg' build argument 'cmake_clean_cache' from command line to 'False'
[1.515s] Level 5:colcon.colcon_core.verb:set package 'player_pkg' build argument 'cmake_clean_first' from command line to 'False'
[1.515s] Level 5:colcon.colcon_core.verb:set package 'player_pkg' build argument 'cmake_force_configure' from command line to 'False'
[1.515s] Level 5:colcon.colcon_core.verb:set package 'player_pkg' build argument 'ament_cmake_args' from command line to 'None'
[1.515s] Level 5:colcon.colcon_core.verb:set package 'player_pkg' build argument 'catkin_cmake_args' from command line to 'None'
[1.515s] Level 5:colcon.colcon_core.verb:set package 'player_pkg' build argument 'catkin_skip_building_tests' from command line to 'False'
[1.515s] DEBUG:colcon.colcon_core.verb:Building package 'player_pkg' with the following arguments: {'ament_cmake_args': None, 'build_base': '/home/carrot/robomaster/teamX_challenge/build/player_pkg', 'catkin_cmake_args': None, 'catkin_skip_building_tests': False, 'cmake_args': None, 'cmake_clean_cache': False, 'cmake_clean_first': False, 'cmake_force_configure': False, 'cmake_target': None, 'cmake_target_skip_unavailable': False, 'install_base': '/home/carrot/robomaster/teamX_challenge/install/player_pkg', 'merge_install': False, 'path': '/home/carrot/robomaster/teamX_challenge', 'symlink_install': False, 'test_result_base': None}
[1.515s] INFO:colcon.colcon_core.executor:Executing jobs using 'parallel' executor
[1.516s] DEBUG:colcon.colcon_parallel_executor.executor.parallel:run_until_complete
[1.517s] INFO:colcon.colcon_ros.task.ament_cmake.build:Building ROS package in '/home/carrot/robomaster/teamX_challenge' with build type 'ament_cmake'
[1.517s] INFO:colcon.colcon_cmake.task.cmake.build:Building CMake package in '/home/carrot/robomaster/teamX_challenge'
[1.525s] INFO:colcon.colcon_core.plugin_system:Skipping extension 'colcon_core.shell.bat': Not used on non-Windows systems
[1.526s] INFO:colcon.colcon_core.shell:Skip shell extension 'powershell' for command environment: Not usable outside of PowerShell
[1.526s] DEBUG:colcon.colcon_core.shell:Skip shell extension 'dsv' for command environment
[1.544s] DEBUG:colcon.colcon_core.event_handler.log_command:Invoking command in '/home/carrot/robomaster/teamX_challenge/build/player_pkg': CMAKE_PREFIX_PATH=/opt/ros/humble /usr/bin/cmake /home/carrot/robomaster/teamX_challenge -DCMAKE_INSTALL_PREFIX=/home/carrot/robomaster/teamX_challenge/install/player_pkg
[5.388s] DEBUG:colcon.colcon_core.event_handler.log_command:Invoked command in '/home/carrot/robomaster/teamX_challenge/build/player_pkg' returned '1': CMAKE_PREFIX_PATH=/opt/ros/humble /usr/bin/cmake /home/carrot/robomaster/teamX_challenge -DCMAKE_INSTALL_PREFIX=/home/carrot/robomaster/teamX_challenge/install/player_pkg
[5.429s] Level 1:colcon.colcon_core.environment:create_environment_scripts_only(player_pkg)
[5.455s] Level 1:colcon.colcon_core.environment:checking '/home/carrot/robomaster/teamX_challenge/install/player_pkg' for CMake module files
[5.458s] Level 1:colcon.colcon_core.environment:checking '/home/carrot/robomaster/teamX_challenge/install/player_pkg' for CMake config files
[5.460s] Level 1:colcon.colcon_core.environment:checking '/home/carrot/robomaster/teamX_challenge/install/player_pkg/bin'
[5.460s] Level 1:colcon.colcon_core.environment:checking '/home/carrot/robomaster/teamX_challenge/install/player_pkg/lib/pkgconfig/player_pkg.pc'
[5.464s] Level 1:colcon.colcon_core.environment:checking '/home/carrot/robomaster/teamX_challenge/install/player_pkg/lib/python3.10/site-packages'
[5.465s] Level 1:colcon.colcon_core.environment:checking '/home/carrot/robomaster/teamX_challenge/install/player_pkg/bin'
[5.466s] INFO:colcon.colcon_core.shell:Creating package script '/home/carrot/robomaster/teamX_challenge/install/player_pkg/share/player_pkg/package.ps1'
[5.471s] INFO:colcon.colcon_core.shell:Creating package descriptor '/home/carrot/robomaster/teamX_challenge/install/player_pkg/share/player_pkg/package.dsv'
[5.475s] INFO:colcon.colcon_core.shell:Creating package script '/home/carrot/robomaster/teamX_challenge/install/player_pkg/share/player_pkg/package.sh'
[5.479s] INFO:colcon.colcon_core.shell:Creating package script '/home/carrot/robomaster/teamX_challenge/install/player_pkg/share/player_pkg/package.bash'
[5.487s] INFO:colcon.colcon_core.shell:Creating package script '/home/carrot/robomaster/teamX_challenge/install/player_pkg/share/player_pkg/package.zsh'
[5.489s] Level 1:colcon.colcon_core.environment:create_file_with_runtime_dependencies(/home/carrot/robomaster/teamX_challenge/install/player_pkg/share/colcon-core/packages/player_pkg)
[5.504s] DEBUG:colcon.colcon_parallel_executor.executor.parallel:closing loop
[5.505s] DEBUG:colcon.colcon_parallel_executor.executor.parallel:loop closed
[5.505s] DEBUG:colcon.colcon_parallel_executor.executor.parallel:run_until_complete finished with '1'
[5.505s] DEBUG:colcon.colcon_core.event_reactor:joining thread
[5.537s] INFO:colcon.colcon_core.plugin_system:Skipping extension 'colcon_notification.desktop_notification.terminal_notifier': Not used on non-Darwin systems
[5.537s] INFO:colcon.colcon_core.plugin_system:Skipping extension 'colcon_notification.desktop_notification.win32': Not used on non-Windows systems
[5.537s] INFO:colcon.colcon_notification.desktop_notification:Sending desktop notification using 'notify2'
[6.107s] DEBUG:colcon.colcon_core.event_reactor:joined thread
[6.110s] INFO:colcon.colcon_core.shell:Creating prefix script '/home/carrot/robomaster/teamX_challenge/install/local_setup.ps1'
[6.123s] INFO:colcon.colcon_core.shell:Creating prefix util module '/home/carrot/robomaster/teamX_challenge/install/_local_setup_util_ps1.py'
[6.132s] INFO:colcon.colcon_core.shell:Creating prefix chain script '/home/carrot/robomaster/teamX_challenge/install/setup.ps1'
[6.141s] INFO:colcon.colcon_core.shell:Creating prefix script '/home/carrot/robomaster/teamX_challenge/install/local_setup.sh'
[6.148s] INFO:colcon.colcon_core.shell:Creating prefix util module '/home/carrot/robomaster/teamX_challenge/install/_local_setup_util_sh.py'
[6.150s] INFO:colcon.colcon_core.shell:Creating prefix chain script '/home/carrot/robomaster/teamX_challenge/install/setup.sh'
[6.163s] INFO:colcon.colcon_core.shell:Creating prefix script '/home/carrot/robomaster/teamX_challenge/install/local_setup.bash'
[6.186s] INFO:colcon.colcon_core.shell:Creating prefix chain script '/home/carrot/robomaster/teamX_challenge/install/setup.bash'
[6.193s] INFO:colcon.colcon_core.shell:Creating prefix script '/home/carrot/robomaster/teamX_challenge/install/local_setup.zsh'
[6.197s] INFO:colcon.colcon_core.shell:Creating prefix chain script '/home/carrot/robomaster/teamX_challenge/install/setup.zsh'
