[0.012s] Invoking command in '/home/carrot/Vision_Arena_2025/build/player_pkg': CMAKE_PREFIX_PATH=/opt/ros/humble /usr/bin/cmake /home/carrot/Vision_Arena_2025/src/player_pkg -DCMAKE_INSTALL_PREFIX=/home/carrot/Vision_Arena_2025/install/player_pkg
[0.185s] -- The C compiler identification is GNU 11.4.0
[0.275s] -- The CXX compiler identification is GNU 11.4.0
[0.284s] -- Detecting C compiler ABI info
[0.384s] -- Detecting C compiler ABI info - done
[0.388s] -- Check for working C compiler: /usr/bin/cc - skipped
[0.389s] -- Detecting C compile features
[0.390s] -- Detecting C compile features - done
[0.392s] -- Detecting CXX compiler ABI info
[0.486s] -- Detecting CXX compiler ABI info - done
[0.489s] -- Check for working CXX compiler: /usr/bin/c++ - skipped
[0.490s] -- Detecting CXX compile features
[0.490s] -- Detecting CXX compile features - done
[0.494s] -- Found ament_cmake: 1.3.12 (/opt/ros/humble/share/ament_cmake/cmake)
[0.603s] -- Found Python3: /usr/bin/python3 (found version "3.10.12") found components: Interpreter 
[0.691s] -- Found rclcpp: 16.0.15 (/opt/ros/humble/share/rclcpp/cmake)
[0.747s] -- Found rosidl_generator_c: 3.1.7 (/opt/ros/humble/share/rosidl_generator_c/cmake)
[0.752s] -- Found rosidl_adapter: 3.1.7 (/opt/ros/humble/share/rosidl_adapter/cmake)
[0.761s] -- Found rosidl_generator_cpp: 3.1.7 (/opt/ros/humble/share/rosidl_generator_cpp/cmake)
[0.774s] -- Using all available rosidl_typesupport_c: rosidl_typesupport_fastrtps_c;rosidl_typesupport_introspection_c
[0.789s] -- Using all available rosidl_typesupport_cpp: rosidl_typesupport_fastrtps_cpp;rosidl_typesupport_introspection_cpp
[0.847s] -- Found rmw_implementation_cmake: 6.1.2 (/opt/ros/humble/share/rmw_implementation_cmake/cmake)
[0.850s] -- Found rmw_fastrtps_cpp: 6.2.9 (/opt/ros/humble/share/rmw_fastrtps_cpp/cmake)
[0.942s] -- Found OpenSSL: /usr/lib/x86_64-linux-gnu/libcrypto.so (found version "3.0.2")  
[0.967s] -- Found FastRTPS: /opt/ros/humble/include  
[0.996s] -- Using RMW implementation 'rmw_fastrtps_cpp' as default
[1.006s] -- Looking for pthread.h
[1.085s] -- Looking for pthread.h - found
[1.086s] -- Performing Test CMAKE_HAVE_LIBC_PTHREAD
[1.157s] -- Performing Test CMAKE_HAVE_LIBC_PTHREAD - Success
[1.158s] -- Found Threads: TRUE  
[1.208s] -- Found gazebo_msgs: 3.9.0 (/opt/ros/humble/share/gazebo_msgs/cmake)
[1.264s] -- Found OpenCV: /usr/local (found version "4.13.0") 
[1.270s] [31mCMake Error at CMakeLists.txt:14 (find_package):
[1.270s]   By not providing "Findpose_msg.cmake" in CMAKE_MODULE_PATH this project has
[1.270s]   asked CMake to find a package configuration file provided by "pose_msg",
[1.271s]   but CMake did not find one.
[1.271s] 
[1.271s]   Could not find a package configuration file provided by "pose_msg" with any
[1.271s]   of the following names:
[1.271s] 
[1.271s]     pose_msgConfig.cmake
[1.271s]     pose_msg-config.cmake
[1.271s] 
[1.271s]   Add the installation prefix of "pose_msg" to CMAKE_PREFIX_PATH or set
[1.271s]   "pose_msg_DIR" to a directory containing one of the above files.  If
[1.271s]   "pose_msg" provides a separate development package or SDK, be sure it has
[1.271s]   been installed.
[1.271s] 
[1.271s] [0m
[1.271s] -- Configuring incomplete, errors occurred!
[1.271s] See also "/home/carrot/Vision_Arena_2025/build/player_pkg/CMakeFiles/CMakeOutput.log".
[1.278s] Invoked command in '/home/carrot/Vision_Arena_2025/build/player_pkg' returned '1': CMAKE_PREFIX_PATH=/opt/ros/humble /usr/bin/cmake /home/carrot/Vision_Arena_2025/src/player_pkg -DCMAKE_INSTALL_PREFIX=/home/carrot/Vision_Arena_2025/install/player_pkg
