[0.059s] Invoking command in '/home/carrot/Vision_Arena_2025/build/player_pkg': CMAKE_PREFIX_PATH=${CMAKE_PREFIX_PATH}:/opt/ros/humble /usr/bin/cmake --build /home/carrot/Vision_Arena_2025/build/player_pkg -- -j2 -l2
[0.469s] [35m[1mConsolidate compiler generated dependencies of target TestNode[0m
[0.555s] [100%] Built target TestNode
[0.620s] Invoked command in '/home/carrot/Vision_Arena_2025/build/player_pkg' returned '0': CMAKE_PREFIX_PATH=${CMAKE_PREFIX_PATH}:/opt/ros/humble /usr/bin/cmake --build /home/carrot/Vision_Arena_2025/build/player_pkg -- -j2 -l2
[0.655s] Invoking command in '/home/carrot/Vision_Arena_2025/build/player_pkg': CMAKE_PREFIX_PATH=${CMAKE_PREFIX_PATH}:/opt/ros/humble /usr/bin/cmake --install /home/carrot/Vision_Arena_2025/build/player_pkg
[0.677s] -- Install configuration: ""
[0.680s] -- Up-to-date: /home/carrot/Vision_Arena_2025/install/player_pkg/lib/player_pkg/TestNode
[0.682s] -- Up-to-date: /home/carrot/Vision_Arena_2025/install/player_pkg/share/ament_index/resource_index/package_run_dependencies/player_pkg
[0.682s] -- Up-to-date: /home/carrot/Vision_Arena_2025/install/player_pkg/share/ament_index/resource_index/parent_prefix_path/player_pkg
[0.682s] -- Up-to-date: /home/carrot/Vision_Arena_2025/install/player_pkg/share/player_pkg/environment/ament_prefix_path.sh
[0.684s] -- Up-to-date: /home/carrot/Vision_Arena_2025/install/player_pkg/share/player_pkg/environment/ament_prefix_path.dsv
[0.684s] -- Up-to-date: /home/carrot/Vision_Arena_2025/install/player_pkg/share/player_pkg/environment/path.sh
[0.684s] -- Up-to-date: /home/carrot/Vision_Arena_2025/install/player_pkg/share/player_pkg/environment/path.dsv
[0.685s] -- Up-to-date: /home/carrot/Vision_Arena_2025/install/player_pkg/share/player_pkg/local_setup.bash
[0.685s] -- Up-to-date: /home/carrot/Vision_Arena_2025/install/player_pkg/share/player_pkg/local_setup.sh
[0.685s] -- Up-to-date: /home/carrot/Vision_Arena_2025/install/player_pkg/share/player_pkg/local_setup.zsh
[0.685s] -- Up-to-date: /home/carrot/Vision_Arena_2025/install/player_pkg/share/player_pkg/local_setup.dsv
[0.685s] -- Installing: /home/carrot/Vision_Arena_2025/install/player_pkg/share/player_pkg/package.dsv
[0.690s] -- Up-to-date: /home/carrot/Vision_Arena_2025/install/player_pkg/share/ament_index/resource_index/packages/player_pkg
[0.690s] -- Up-to-date: /home/carrot/Vision_Arena_2025/install/player_pkg/share/player_pkg/cmake/player_pkgConfig.cmake
[0.690s] -- Up-to-date: /home/carrot/Vision_Arena_2025/install/player_pkg/share/player_pkg/cmake/player_pkgConfig-version.cmake
[0.690s] -- Up-to-date: /home/carrot/Vision_Arena_2025/install/player_pkg/share/player_pkg/package.xml
[0.702s] Invoked command in '/home/carrot/Vision_Arena_2025/build/player_pkg' returned '0': CMAKE_PREFIX_PATH=${CMAKE_PREFIX_PATH}:/opt/ros/humble /usr/bin/cmake --install /home/carrot/Vision_Arena_2025/build/player_pkg
