[0.030s] Invoking command in '/home/carrot/Vision_Arena_2025/build/player_pkg': CMAKE_PREFIX_PATH=${CMAKE_PREFIX_PATH}:/opt/ros/humble /usr/bin/cmake --build /home/carrot/Vision_Arena_2025/build/player_pkg -- -j2 -l2
[0.182s] [35m[1mConsolidate compiler generated dependencies of target TestNode[0m
[0.215s] [ 50%] [32mBuilding CXX object CMakeFiles/TestNode.dir/src/test.cpp.o[0m
[15.356s] [100%] [32m[1mLinking CXX executable TestNode[0m
[16.028s] /usr/bin/ld: warning: libopencv_imgproc.so.4.5d, needed by /opt/ros/humble/lib/libcv_bridge.so, may conflict with libopencv_imgproc.so.413
[16.032s] /usr/bin/ld: warning: libopencv_core.so.4.5d, needed by /opt/ros/humble/lib/libcv_bridge.so, may conflict with libopencv_core.so.413
[17.190s] [100%] Built target TestNode
[17.210s] Invoked command in '/home/carrot/Vision_Arena_2025/build/player_pkg' returned '0': CMAKE_PREFIX_PATH=${CMAKE_PREFIX_PATH}:/opt/ros/humble /usr/bin/cmake --build /home/carrot/Vision_Arena_2025/build/player_pkg -- -j2 -l2
[17.241s] Invoking command in '/home/carrot/Vision_Arena_2025/build/player_pkg': CMAKE_PREFIX_PATH=${CMAKE_PREFIX_PATH}:/opt/ros/humble /usr/bin/cmake --install /home/carrot/Vision_Arena_2025/build/player_pkg
[17.255s] -- Install configuration: ""
[17.257s] -- Installing: /home/carrot/Vision_Arena_2025/install/player_pkg/lib/player_pkg/TestNode
[17.268s] -- Set runtime path of "/home/carrot/Vision_Arena_2025/install/player_pkg/lib/player_pkg/TestNode" to ""
[17.268s] -- Up-to-date: /home/carrot/Vision_Arena_2025/install/player_pkg/share/ament_index/resource_index/package_run_dependencies/player_pkg
[17.268s] -- Up-to-date: /home/carrot/Vision_Arena_2025/install/player_pkg/share/ament_index/resource_index/parent_prefix_path/player_pkg
[17.269s] -- Up-to-date: /home/carrot/Vision_Arena_2025/install/player_pkg/share/player_pkg/environment/ament_prefix_path.sh
[17.270s] -- Up-to-date: /home/carrot/Vision_Arena_2025/install/player_pkg/share/player_pkg/environment/ament_prefix_path.dsv
[17.270s] -- Up-to-date: /home/carrot/Vision_Arena_2025/install/player_pkg/share/player_pkg/environment/path.sh
[17.270s] -- Up-to-date: /home/carrot/Vision_Arena_2025/install/player_pkg/share/player_pkg/environment/path.dsv
[17.270s] -- Up-to-date: /home/carrot/Vision_Arena_2025/install/player_pkg/share/player_pkg/local_setup.bash
[17.270s] -- Up-to-date: /home/carrot/Vision_Arena_2025/install/player_pkg/share/player_pkg/local_setup.sh
[17.270s] -- Up-to-date: /home/carrot/Vision_Arena_2025/install/player_pkg/share/player_pkg/local_setup.zsh
[17.270s] -- Up-to-date: /home/carrot/Vision_Arena_2025/install/player_pkg/share/player_pkg/local_setup.dsv
[17.270s] -- Installing: /home/carrot/Vision_Arena_2025/install/player_pkg/share/player_pkg/package.dsv
[17.270s] -- Up-to-date: /home/carrot/Vision_Arena_2025/install/player_pkg/share/ament_index/resource_index/packages/player_pkg
[17.270s] -- Up-to-date: /home/carrot/Vision_Arena_2025/install/player_pkg/share/player_pkg/cmake/player_pkgConfig.cmake
[17.270s] -- Up-to-date: /home/carrot/Vision_Arena_2025/install/player_pkg/share/player_pkg/cmake/player_pkgConfig-version.cmake
[17.270s] -- Up-to-date: /home/carrot/Vision_Arena_2025/install/player_pkg/share/player_pkg/package.xml
[17.280s] Invoked command in '/home/carrot/Vision_Arena_2025/build/player_pkg' returned '0': CMAKE_PREFIX_PATH=${CMAKE_PREFIX_PATH}:/opt/ros/humble /usr/bin/cmake --install /home/carrot/Vision_Arena_2025/build/player_pkg
